<?xml version="1.0" encoding="UTF-8"?>
<testsuite xmlns:xsi="http://www.w3.org/2001/XMLSchema-instance" xsi:noNamespaceSchemaLocation="https://maven.apache.org/surefire/maven-surefire-plugin/xsd/surefire-test-report-3.0.xsd" version="3.0" name="com.dataqualityworks.migration.AcceptanceTest" time="6.658" tests="48" errors="0" skipped="0" failures="0">
  <properties>
    <property name="java.specification.version" value="17"/>
    <property name="sun.cpu.isalist" value="amd64"/>
    <property name="sun.jnu.encoding" value="Cp1252"/>
    <property name="java.class.path" value="C:\Users\xonix\Projects\data-migration-testing\target\test-classes;C:\Users\xonix\Projects\data-migration-testing\target\classes;C:\Users\xonix\.m2\repository\org\springframework\boot\spring-boot-starter\3.2.4\spring-boot-starter-3.2.4.jar;C:\Users\xonix\.m2\repository\org\springframework\boot\spring-boot\3.2.4\spring-boot-3.2.4.jar;C:\Users\xonix\.m2\repository\org\springframework\spring-context\6.1.5\spring-context-6.1.5.jar;C:\Users\xonix\.m2\repository\org\springframework\spring-aop\6.1.5\spring-aop-6.1.5.jar;C:\Users\xonix\.m2\repository\org\springframework\spring-beans\6.1.5\spring-beans-6.1.5.jar;C:\Users\xonix\.m2\repository\org\springframework\spring-expression\6.1.5\spring-expression-6.1.5.jar;C:\Users\xonix\.m2\repository\io\micrometer\micrometer-observation\1.12.4\micrometer-observation-1.12.4.jar;C:\Users\xonix\.m2\repository\io\micrometer\micrometer-commons\1.12.4\micrometer-commons-1.12.4.jar;C:\Users\xonix\.m2\repository\org\springframework\boot\spring-boot-autoconfigure\3.2.4\spring-boot-autoconfigure-3.2.4.jar;C:\Users\xonix\.m2\repository\org\springframework\boot\spring-boot-starter-logging\3.2.4\spring-boot-starter-logging-3.2.4.jar;C:\Users\xonix\.m2\repository\ch\qos\logback\logback-classic\1.4.14\logback-classic-1.4.14.jar;C:\Users\xonix\.m2\repository\ch\qos\logback\logback-core\1.4.14\logback-core-1.4.14.jar;C:\Users\xonix\.m2\repository\org\apache\logging\log4j\log4j-to-slf4j\2.17.2\log4j-to-slf4j-2.17.2.jar;C:\Users\xonix\.m2\repository\org\apache\logging\log4j\log4j-api\2.17.2\log4j-api-2.17.2.jar;C:\Users\xonix\.m2\repository\org\slf4j\jul-to-slf4j\2.0.12\jul-to-slf4j-2.0.12.jar;C:\Users\xonix\.m2\repository\jakarta\annotation\jakarta.annotation-api\2.1.1\jakarta.annotation-api-2.1.1.jar;C:\Users\xonix\.m2\repository\org\springframework\spring-core\6.1.5\spring-core-6.1.5.jar;C:\Users\xonix\.m2\repository\org\springframework\spring-jcl\6.1.5\spring-jcl-6.1.5.jar;C:\Users\xonix\.m2\repository\org\yaml\snakeyaml\2.2\snakeyaml-2.2.jar;C:\Users\xonix\.m2\repository\org\springframework\boot\spring-boot-starter-test\3.2.4\spring-boot-starter-test-3.2.4.jar;C:\Users\xonix\.m2\repository\org\springframework\boot\spring-boot-test\3.2.4\spring-boot-test-3.2.4.jar;C:\Users\xonix\.m2\repository\org\springframework\boot\spring-boot-test-autoconfigure\3.2.4\spring-boot-test-autoconfigure-3.2.4.jar;C:\Users\xonix\.m2\repository\com\jayway\jsonpath\json-path\2.9.0\json-path-2.9.0.jar;C:\Users\xonix\.m2\repository\org\slf4j\slf4j-api\2.0.12\slf4j-api-2.0.12.jar;C:\Users\xonix\.m2\repository\jakarta\xml\bind\jakarta.xml.bind-api\4.0.2\jakarta.xml.bind-api-4.0.2.jar;C:\Users\xonix\.m2\repository\jakarta\activation\jakarta.activation-api\2.1.3\jakarta.activation-api-2.1.3.jar;C:\Users\xonix\.m2\repository\net\minidev\json-smart\2.5.0\json-smart-2.5.0.jar;C:\Users\xonix\.m2\repository\net\minidev\accessors-smart\2.5.0\accessors-smart-2.5.0.jar;C:\Users\xonix\.m2\repository\org\ow2\asm\asm\9.3\asm-9.3.jar;C:\Users\xonix\.m2\repository\org\assertj\assertj-core\3.24.2\assertj-core-3.24.2.jar;C:\Users\xonix\.m2\repository\net\bytebuddy\byte-buddy\1.14.12\byte-buddy-1.14.12.jar;C:\Users\xonix\.m2\repository\org\awaitility\awaitility\4.2.0\awaitility-4.2.0.jar;C:\Users\xonix\.m2\repository\org\hamcrest\hamcrest\2.2\hamcrest-2.2.jar;C:\Users\xonix\.m2\repository\org\mockito\mockito-core\4.11.0\mockito-core-4.11.0.jar;C:\Users\xonix\.m2\repository\net\bytebuddy\byte-buddy-agent\1.14.12\byte-buddy-agent-1.14.12.jar;C:\Users\xonix\.m2\repository\org\objenesis\objenesis\3.3\objenesis-3.3.jar;C:\Users\xonix\.m2\repository\org\mockito\mockito-junit-jupiter\4.11.0\mockito-junit-jupiter-4.11.0.jar;C:\Users\xonix\.m2\repository\org\skyscreamer\jsonassert\1.5.1\jsonassert-1.5.1.jar;C:\Users\xonix\.m2\repository\com\vaadin\external\google\android-json\0.0.20131108.vaadin1\android-json-0.0.20131108.vaadin1.jar;C:\Users\xonix\.m2\repository\org\springframework\spring-test\6.1.5\spring-test-6.1.5.jar;C:\Users\xonix\.m2\repository\org\xmlunit\xmlunit-core\2.9.1\xmlunit-core-2.9.1.jar;C:\Users\xonix\.m2\repository\org\eclipse\rdf4j\rdf4j-http-client\4.3.11\rdf4j-http-client-4.3.11.jar;C:\Users\xonix\.m2\repository\org\apache\httpcomponents\httpclient\4.5.14\httpclient-4.5.14.jar;C:\Users\xonix\.m2\repository\org\apache\httpcomponents\httpcore\4.4.16\httpcore-4.4.16.jar;C:\Users\xonix\.m2\repository\commons-codec\commons-codec\1.16.1\commons-codec-1.16.1.jar;C:\Users\xonix\.m2\repository\org\eclipse\rdf4j\rdf4j-http-protocol\4.3.11\rdf4j-http-protocol-4.3.11.jar;C:\Users\xonix\.m2\repository\org\eclipse\rdf4j\rdf4j-model-api\4.3.11\rdf4j-model-api-4.3.11.jar;C:\Users\xonix\.m2\repository\org\eclipse\rdf4j\rdf4j-model-vocabulary\4.3.11\rdf4j-model-vocabulary-4.3.11.jar;C:\Users\xonix\.m2\repository\org\eclipse\rdf4j\rdf4j-model\4.3.11\rdf4j-model-4.3.11.jar;C:\Users\xonix\.m2\repository\org\eclipse\rdf4j\rdf4j-query\4.3.11\rdf4j-query-4.3.11.jar;C:\Users\xonix\.m2\repository\com\fasterxml\jackson\core\jackson-annotations\2.13.5\jackson-annotations-2.13.5.jar;C:\Users\xonix\.m2\repository\com\fasterxml\jackson\core\jackson-core\2.13.5\jackson-core-2.13.5.jar;C:\Users\xonix\.m2\repository\com\fasterxml\jackson\core\jackson-databind\2.13.5\jackson-databind-2.13.5.jar;C:\Users\xonix\.m2\repository\org\eclipse\rdf4j\rdf4j-queryalgebra-model\4.3.11\rdf4j-queryalgebra-model-4.3.11.jar;C:\Users\xonix\.m2\repository\org\eclipse\rdf4j\rdf4j-queryparser-api\4.3.11\rdf4j-queryparser-api-4.3.11.jar;C:\Users\xonix\.m2\repository\org\eclipse\rdf4j\rdf4j-queryparser-sparql\4.3.11\rdf4j-queryparser-sparql-4.3.11.jar;C:\Users\xonix\.m2\repository\org\eclipse\rdf4j\rdf4j-queryrender\4.3.11\rdf4j-queryrender-4.3.11.jar;C:\Users\xonix\.m2\repository\org\eclipse\rdf4j\rdf4j-queryresultio-api\4.3.11\rdf4j-queryresultio-api-4.3.11.jar;C:\Users\xonix\.m2\repository\org\eclipse\rdf4j\rdf4j-queryresultio-binary\4.3.11\rdf4j-queryresultio-binary-4.3.11.jar;C:\Users\xonix\.m2\repository\org\eclipse\rdf4j\rdf4j-queryresultio-sparqljson\4.3.11\rdf4j-queryresultio-sparqljson-4.3.11.jar;C:\Users\xonix\.m2\repository\org\eclipse\rdf4j\rdf4j-queryresultio-sparqlxml\4.3.11\rdf4j-queryresultio-sparqlxml-4.3.11.jar;C:\Users\xonix\.m2\repository\org\eclipse\rdf4j\rdf4j-queryresultio-text\4.3.11\rdf4j-queryresultio-text-4.3.11.jar;C:\Users\xonix\.m2\repository\com\opencsv\opencsv\5.3\opencsv-5.3.jar;C:\Users\xonix\.m2\repository\commons-beanutils\commons-beanutils\1.9.4\commons-beanutils-1.9.4.jar;C:\Users\xonix\.m2\repository\commons-collections\commons-collections\3.2.2\commons-collections-3.2.2.jar;C:\Users\xonix\.m2\repository\org\apache\commons\commons-collections4\4.4\commons-collections4-4.4.jar;C:\Users\xonix\.m2\repository\org\eclipse\rdf4j\rdf4j-repository-api\4.3.11\rdf4j-repository-api-4.3.11.jar;C:\Users\xonix\.m2\repository\org\eclipse\rdf4j\rdf4j-repository-contextaware\4.3.11\rdf4j-repository-contextaware-4.3.11.jar;C:\Users\xonix\.m2\repository\org\eclipse\rdf4j\rdf4j-repository-event\4.3.11\rdf4j-repository-event-4.3.11.jar;C:\Users\xonix\.m2\repository\org\eclipse\rdf4j\rdf4j-repository-http\4.3.11\rdf4j-repository-http-4.3.11.jar;C:\Users\xonix\.m2\repository\org\eclipse\rdf4j\rdf4j-repository-manager\4.3.11\rdf4j-repository-manager-4.3.11.jar;C:\Users\xonix\.m2\repository\org\eclipse\rdf4j\rdf4j-repository-sparql\4.3.11\rdf4j-repository-sparql-4.3.11.jar;C:\Users\xonix\.m2\repository\org\eclipse\rdf4j\rdf4j-rio-api\4.3.11\rdf4j-rio-api-4.3.11.jar;C:\Users\xonix\.m2\repository\com\github\jsonld-java\jsonld-java\0.13.4\jsonld-java-0.13.4.jar;C:\Users\xonix\.m2\repository\org\eclipse\rdf4j\rdf4j-rio-binary\4.3.11\rdf4j-rio-binary-4.3.11.jar;C:\Users\xonix\.m2\repository\org\eclipse\rdf4j\rdf4j-rio-datatypes\4.3.11\rdf4j-rio-datatypes-4.3.11.jar;C:\Users\xonix\.m2\repository\org\eclipse\rdf4j\rdf4j-rio-jsonld\4.3.11\rdf4j-rio-jsonld-4.3.11.jar;C:\Users\xonix\.m2\repository\org\apache\httpcomponents\httpclient-cache\4.5.14\httpclient-cache-4.5.14.jar;C:\Users\xonix\.m2\repository\commons-io\commons-io\2.11.0\commons-io-2.11.0.jar;C:\Users\xonix\.m2\repository\org\eclipse\rdf4j\rdf4j-rio-languages\4.3.11\rdf4j-rio-languages-4.3.11.jar;C:\Users\xonix\.m2\repository\org\eclipse\rdf4j\rdf4j-rio-n3\4.3.11\rdf4j-rio-n3-4.3.11.jar;C:\Users\xonix\.m2\repository\org\eclipse\rdf4j\rdf4j-rio-nquads\4.3.11\rdf4j-rio-nquads-4.3.11.jar;C:\Users\xonix\.m2\repository\org\eclipse\rdf4j\rdf4j-rio-ntriples\4.3.11\rdf4j-rio-ntriples-4.3.11.jar;C:\Users\xonix\.m2\repository\org\eclipse\rdf4j\rdf4j-rio-rdfjson\4.3.11\rdf4j-rio-rdfjson-4.3.11.jar;C:\Users\xonix\.m2\repository\org\eclipse\rdf4j\rdf4j-rio-rdfxml\4.3.11\rdf4j-rio-rdfxml-4.3.11.jar;C:\Users\xonix\.m2\repository\org\eclipse\rdf4j\rdf4j-rio-trig\4.3.11\rdf4j-rio-trig-4.3.11.jar;C:\Users\xonix\.m2\repository\org\eclipse\rdf4j\rdf4j-rio-trix\4.3.11\rdf4j-rio-trix-4.3.11.jar;C:\Users\xonix\.m2\repository\org\eclipse\rdf4j\rdf4j-rio-turtle\4.3.11\rdf4j-rio-turtle-4.3.11.jar;C:\Users\xonix\.m2\repository\org\eclipse\rdf4j\rdf4j-sparqlbuilder\4.3.11\rdf4j-sparqlbuilder-4.3.11.jar;C:\Users\xonix\.m2\repository\org\eclipse\rdf4j\rdf4j-common-annotation\4.3.11\rdf4j-common-annotation-4.3.11.jar;C:\Users\xonix\.m2\repository\org\eclipse\rdf4j\rdf4j-common-exception\4.3.11\rdf4j-common-exception-4.3.11.jar;C:\Users\xonix\.m2\repository\org\eclipse\rdf4j\rdf4j-common-io\4.3.11\rdf4j-common-io-4.3.11.jar;C:\Users\xonix\.m2\repository\org\eclipse\rdf4j\rdf4j-common-iterator\4.3.11\rdf4j-common-iterator-4.3.11.jar;C:\Users\xonix\.m2\repository\org\eclipse\rdf4j\rdf4j-common-text\4.3.11\rdf4j-common-text-4.3.11.jar;C:\Users\xonix\.m2\repository\org\eclipse\rdf4j\rdf4j-common-transaction\4.3.11\rdf4j-common-transaction-4.3.11.jar;C:\Users\xonix\.m2\repository\org\eclipse\rdf4j\rdf4j-common-util\4.3.11\rdf4j-common-util-4.3.11.jar;C:\Users\xonix\.m2\repository\org\eclipse\rdf4j\rdf4j-common-xml\4.3.11\rdf4j-common-xml-4.3.11.jar;C:\Users\xonix\.m2\repository\org\eclipse\rdf4j\rdf4j-queryalgebra-evaluation\4.3.11\rdf4j-queryalgebra-evaluation-4.3.11.jar;C:\Users\xonix\.m2\repository\org\eclipse\rdf4j\rdf4j-collection-factory-api\4.3.11\rdf4j-collection-factory-api-4.3.11.jar;C:\Users\xonix\.m2\repository\org\apache\commons\commons-math3\3.6.1\commons-math3-3.6.1.jar;C:\Users\xonix\.m2\repository\com\google\guava\guava\32.1.3-jre\guava-32.1.3-jre.jar;C:\Users\xonix\.m2\repository\com\google\guava\failureaccess\1.0.1\failureaccess-1.0.1.jar;C:\Users\xonix\.m2\repository\com\google\guava\listenablefuture\9999.0-empty-to-avoid-conflict-with-guava\listenablefuture-9999.0-empty-to-avoid-conflict-with-guava.jar;C:\Users\xonix\.m2\repository\org\eclipse\rdf4j\rdf4j-queryalgebra-geosparql\4.3.11\rdf4j-queryalgebra-geosparql-4.3.11.jar;C:\Users\xonix\.m2\repository\org\locationtech\spatial4j\spatial4j\0.8\spatial4j-0.8.jar;C:\Users\xonix\.m2\repository\org\locationtech\jts\jts-core\1.18.2\jts-core-1.18.2.jar;C:\Users\xonix\.m2\repository\org\eclipse\rdf4j\rdf4j-repository-dataset\4.3.11\rdf4j-repository-dataset-4.3.11.jar;C:\Users\xonix\.m2\repository\org\eclipse\rdf4j\rdf4j-repository-sail\4.3.11\rdf4j-repository-sail-4.3.11.jar;C:\Users\xonix\.m2\repository\org\eclipse\rdf4j\rdf4j-sail-api\4.3.11\rdf4j-sail-api-4.3.11.jar;C:\Users\xonix\.m2\repository\org\eclipse\rdf4j\rdf4j-sail-base\4.3.11\rdf4j-sail-base-4.3.11.jar;C:\Users\xonix\.m2\repository\org\eclipse\rdf4j\rdf4j-sail-inferencer\4.3.11\rdf4j-sail-inferencer-4.3.11.jar;C:\Users\xonix\.m2\repository\org\eclipse\rdf4j\rdf4j-sail-model\4.3.11\rdf4j-sail-model-4.3.11.jar;C:\Users\xonix\.m2\repository\org\eclipse\rdf4j\rdf4j-sail-elasticsearch\4.3.11\rdf4j-sail-elasticsearch-4.3.11.jar;C:\Users\xonix\.m2\repository\org\eclipse\rdf4j\rdf4j-sail-lucene-api\4.3.11\rdf4j-sail-lucene-api-4.3.11.jar;C:\Users\xonix\.m2\repository\org\slf4j\jcl-over-slf4j\2.0.12\jcl-over-slf4j-2.0.12.jar;C:\Users\xonix\.m2\repository\org\eclipse\rdf4j\rdf4j-sail-lucene\4.3.11\rdf4j-sail-lucene-4.3.11.jar;C:\Users\xonix\.m2\repository\org\apache\lucene\lucene-core\8.9.0\lucene-core-8.9.0.jar;C:\Users\xonix\.m2\repository\org\apache\lucene\lucene-queries\8.9.0\lucene-queries-8.9.0.jar;C:\Users\xonix\.m2\repository\org\apache\lucene\lucene-highlighter\8.9.0\lucene-highlighter-8.9.0.jar;C:\Users\xonix\.m2\repository\org\apache\lucene\lucene-memory\8.9.0\lucene-memory-8.9.0.jar;C:\Users\xonix\.m2\repository\org\apache\lucene\lucene-analyzers-common\8.9.0\lucene-analyzers-common-8.9.0.jar;C:\Users\xonix\.m2\repository\org\apache\lucene\lucene-queryparser\8.9.0\lucene-queryparser-8.9.0.jar;C:\Users\xonix\.m2\repository\org\apache\lucene\lucene-sandbox\8.9.0\lucene-sandbox-8.9.0.jar;C:\Users\xonix\.m2\repository\org\apache\lucene\lucene-spatial-extras\8.9.0\lucene-spatial-extras-8.9.0.jar;C:\Users\xonix\.m2\repository\org\apache\lucene\lucene-spatial3d\8.9.0\lucene-spatial3d-8.9.0.jar;C:\Users\xonix\.m2\repository\io\sgr\s2-geometry-library-java\1.0.0\s2-geometry-library-java-1.0.0.jar;C:\Users\xonix\.m2\repository\org\apache\lucene\lucene-backward-codecs\8.9.0\lucene-backward-codecs-8.9.0.jar;C:\Users\xonix\.m2\repository\org\eclipse\rdf4j\rdf4j-sail-solr\4.3.11\rdf4j-sail-solr-4.3.11.jar;C:\Users\xonix\.m2\repository\org\apache\solr\solr-solrj\8.9.0\solr-solrj-8.9.0.jar;C:\Users\xonix\.m2\repository\commons-lang\commons-lang\2.6\commons-lang-2.6.jar;C:\Users\xonix\.m2\repository\io\netty\netty-buffer\4.1.107.Final\netty-buffer-4.1.107.Final.jar;C:\Users\xonix\.m2\repository\io\netty\netty-codec\4.1.107.Final\netty-codec-4.1.107.Final.jar;C:\Users\xonix\.m2\repository\io\netty\netty-common\4.1.107.Final\netty-common-4.1.107.Final.jar;C:\Users\xonix\.m2\repository\io\netty\netty-handler\4.1.107.Final\netty-handler-4.1.107.Final.jar;C:\Users\xonix\.m2\repository\io\netty\netty-resolver\4.1.107.Final\netty-resolver-4.1.107.Final.jar;C:\Users\xonix\.m2\repository\io\netty\netty-transport\4.1.107.Final\netty-transport-4.1.107.Final.jar;C:\Users\xonix\.m2\repository\io\netty\netty-transport-native-epoll\4.1.107.Final\netty-transport-native-epoll-4.1.107.Final.jar;C:\Users\xonix\.m2\repository\io\netty\netty-transport-classes-epoll\4.1.107.Final\netty-transport-classes-epoll-4.1.107.Final.jar;C:\Users\xonix\.m2\repository\io\netty\netty-transport-native-unix-common\4.1.107.Final\netty-transport-native-unix-common-4.1.107.Final.jar;C:\Users\xonix\.m2\repository\org\apache\httpcomponents\httpmime\4.5.14\httpmime-4.5.14.jar;C:\Users\xonix\.m2\repository\org\apache\zookeeper\zookeeper\3.6.2\zookeeper-3.6.2.jar;C:\Users\xonix\.m2\repository\org\apache\zookeeper\zookeeper-jute\3.6.2\zookeeper-jute-3.6.2.jar;C:\Users\xonix\.m2\repository\org\codehaus\woodstox\stax2-api\3.1.4\stax2-api-3.1.4.jar;C:\Users\xonix\.m2\repository\org\codehaus\woodstox\woodstox-core-asl\4.4.1\woodstox-core-asl-4.4.1.jar;C:\Users\xonix\.m2\repository\org\eclipse\jetty\jetty-alpn-client\9.4.53.v20231009\jetty-alpn-client-9.4.53.v20231009.jar;C:\Users\xonix\.m2\repository\org\eclipse\jetty\jetty-alpn-java-client\9.4.53.v20231009\jetty-alpn-java-client-9.4.53.v20231009.jar;C:\Users\xonix\.m2\repository\org\eclipse\jetty\jetty-client\9.4.53.v20231009\jetty-client-9.4.53.v20231009.jar;C:\Users\xonix\.m2\repository\org\eclipse\jetty\jetty-http\9.4.53.v20231009\jetty-http-9.4.53.v20231009.jar;C:\Users\xonix\.m2\repository\org\eclipse\jetty\jetty-io\9.4.53.v20231009\jetty-io-9.4.53.v20231009.jar;C:\Users\xonix\.m2\repository\org\eclipse\jetty\jetty-util\9.4.53.v20231009\jetty-util-9.4.53.v20231009.jar;C:\Users\xonix\.m2\repository\org\eclipse\jetty\http2\http2-client\9.4.53.v20231009\http2-client-9.4.53.v20231009.jar;C:\Users\xonix\.m2\repository\org\eclipse\jetty\http2\http2-common\9.4.53.v20231009\http2-common-9.4.53.v20231009.jar;C:\Users\xonix\.m2\repository\org\eclipse\jetty\http2\http2-hpack\9.4.53.v20231009\http2-hpack-9.4.53.v20231009.jar;C:\Users\xonix\.m2\repository\org\eclipse\jetty\http2\http2-http-client-transport\9.4.53.v20231009\http2-http-client-transport-9.4.53.v20231009.jar;C:\Users\xonix\.m2\repository\org\xerial\snappy\snappy-java\1.1.7.6\snappy-java-1.1.7.6.jar;C:\Users\xonix\.m2\repository\org\eclipse\rdf4j\rdf4j-sail-memory\4.3.11\rdf4j-sail-memory-4.3.11.jar;C:\Users\xonix\.m2\repository\org\eclipse\rdf4j\rdf4j-sail-lmdb\4.3.11\rdf4j-sail-lmdb-4.3.11.jar;C:\Users\xonix\.m2\repository\org\lwjgl\lwjgl-lmdb\3.3.3\lwjgl-lmdb-3.3.3.jar;C:\Users\xonix\.m2\repository\org\lwjgl\lwjgl\3.3.3\lwjgl-3.3.3.jar;C:\Users\xonix\.m2\repository\org\lwjgl\lwjgl-lmdb\3.3.3\lwjgl-lmdb-3.3.3-natives-linux.jar;C:\Users\xonix\.m2\repository\org\lwjgl\lwjgl-lmdb\3.3.3\lwjgl-lmdb-3.3.3-natives-linux-arm64.jar;C:\Users\xonix\.m2\repository\org\lwjgl\lwjgl-lmdb\3.3.3\lwjgl-lmdb-3.3.3-natives-macos.jar;C:\Users\xonix\.m2\repository\org\lwjgl\lwjgl-lmdb\3.3.3\lwjgl-lmdb-3.3.3-natives-macos-arm64.jar;C:\Users\xonix\.m2\repository\org\lwjgl\lwjgl-lmdb\3.3.3\lwjgl-lmdb-3.3.3-natives-windows.jar;C:\Users\xonix\.m2\repository\org\lwjgl\lwjgl-lmdb\3.3.3\lwjgl-lmdb-3.3.3-natives-windows-arm64.jar;C:\Users\xonix\.m2\repository\org\lwjgl\lwjgl\3.3.3\lwjgl-3.3.3-natives-linux.jar;C:\Users\xonix\.m2\repository\org\lwjgl\lwjgl\3.3.3\lwjgl-3.3.3-natives-linux-arm64.jar;C:\Users\xonix\.m2\repository\org\lwjgl\lwjgl\3.3.3\lwjgl-3.3.3-natives-macos.jar;C:\Users\xonix\.m2\repository\org\lwjgl\lwjgl\3.3.3\lwjgl-3.3.3-natives-macos-arm64.jar;C:\Users\xonix\.m2\repository\org\lwjgl\lwjgl\3.3.3\lwjgl-3.3.3-natives-windows.jar;C:\Users\xonix\.m2\repository\org\lwjgl\lwjgl\3.3.3\lwjgl-3.3.3-natives-windows-arm64.jar;C:\Users\xonix\.m2\repository\org\eclipse\rdf4j\rdf4j-collection-factory-mapdb\4.3.11\rdf4j-collection-factory-mapdb-4.3.11.jar;C:\Users\xonix\.m2\repository\org\mapdb\mapdb\1.0.9\mapdb-1.0.9.jar;C:\Users\xonix\.m2\repository\org\eclipse\rdf4j\rdf4j-sail-nativerdf\4.3.11\rdf4j-sail-nativerdf-4.3.11.jar;C:\Users\xonix\.m2\repository\org\eclipse\rdf4j\rdf4j-spin\4.3.11\rdf4j-spin-4.3.11.jar;C:\Users\xonix\.m2\repository\org\apache\commons\commons-text\1.10.0\commons-text-1.10.0.jar;C:\Users\xonix\.m2\repository\org\eclipse\rdf4j\rdf4j-shacl\4.3.11\rdf4j-shacl-4.3.11.jar;C:\Users\xonix\.m2\repository\org\apache\commons\commons-lang3\3.13.0\commons-lang3-3.13.0.jar;C:\Users\xonix\.m2\repository\org\apache\commons\commons-csv\1.10.0\commons-csv-1.10.0.jar;C:\Users\xonix\.m2\repository\org\projectlombok\lombok\1.18.24\lombok-1.18.24.jar;C:\Users\xonix\.m2\repository\io\cucumber\cucumber-java\7.17.0\cucumber-java-7.17.0.jar;C:\Users\xonix\.m2\repository\io\cucumber\cucumber-core\7.17.0\cucumber-core-7.17.0.jar;C:\Users\xonix\.m2\repository\io\cucumber\cucumber-gherkin\7.17.0\cucumber-gherkin-7.17.0.jar;C:\Users\xonix\.m2\repository\io\cucumber\cucumber-gherkin-messages\7.17.0\cucumber-gherkin-messages-7.17.0.jar;C:\Users\xonix\.m2\repository\io\cucumber\gherkin\28.0.0\gherkin-28.0.0.jar;C:\Users\xonix\.m2\repository\io\cucumber\messages\24.1.0\messages-24.1.0.jar;C:\Users\xonix\.m2\repository\io\cucumber\testng-xml-formatter\0.1.0\testng-xml-formatter-0.1.0.jar;C:\Users\xonix\.m2\repository\io\cucumber\query\12.1.2\query-12.1.2.jar;C:\Users\xonix\.m2\repository\io\cucumber\tag-expressions\6.1.0\tag-expressions-6.1.0.jar;C:\Users\xonix\.m2\repository\io\cucumber\cucumber-expressions\17.1.0\cucumber-expressions-17.1.0.jar;C:\Users\xonix\.m2\repository\io\cucumber\datatable\7.17.0\datatable-7.17.0.jar;C:\Users\xonix\.m2\repository\io\cucumber\cucumber-plugin\7.17.0\cucumber-plugin-7.17.0.jar;C:\Users\xonix\.m2\repository\io\cucumber\docstring\7.17.0\docstring-7.17.0.jar;C:\Users\xonix\.m2\repository\io\cucumber\html-formatter\21.3.1\html-formatter-21.3.1.jar;C:\Users\xonix\.m2\repository\io\cucumber\junit-xml-formatter\0.4.0\junit-xml-formatter-0.4.0.jar;C:\Users\xonix\.m2\repository\io\cucumber\ci-environment\10.0.1\ci-environment-10.0.1.jar;C:\Users\xonix\.m2\repository\org\apiguardian\apiguardian-api\1.1.2\apiguardian-api-1.1.2.jar;C:\Users\xonix\.m2\repository\io\cucumber\cucumber-spring\7.17.0\cucumber-spring-7.17.0.jar;C:\Users\xonix\.m2\repository\io\cucumber\cucumber-junit-platform-engine\7.17.0\cucumber-junit-platform-engine-7.17.0.jar;C:\Users\xonix\.m2\repository\org\junit\platform\junit-platform-engine\1.9.3\junit-platform-engine-1.9.3.jar;C:\Users\xonix\.m2\repository\org\opentest4j\opentest4j\1.2.0\opentest4j-1.2.0.jar;C:\Users\xonix\.m2\repository\org\junit\platform\junit-platform-commons\1.9.3\junit-platform-commons-1.9.3.jar;C:\Users\xonix\.m2\repository\org\junit\platform\junit-platform-suite\1.9.3\junit-platform-suite-1.9.3.jar;C:\Users\xonix\.m2\repository\org\junit\platform\junit-platform-suite-api\1.9.3\junit-platform-suite-api-1.9.3.jar;C:\Users\xonix\.m2\repository\org\junit\platform\junit-platform-suite-engine\1.9.3\junit-platform-suite-engine-1.9.3.jar;C:\Users\xonix\.m2\repository\org\junit\platform\junit-platform-suite-commons\1.9.3\junit-platform-suite-commons-1.9.3.jar;C:\Users\xonix\.m2\repository\org\junit\platform\junit-platform-launcher\1.9.3\junit-platform-launcher-1.9.3.jar;C:\Users\xonix\.m2\repository\org\junit\jupiter\junit-jupiter\5.9.3\junit-jupiter-5.9.3.jar;C:\Users\xonix\.m2\repository\org\junit\jupiter\junit-jupiter-api\5.9.3\junit-jupiter-api-5.9.3.jar;C:\Users\xonix\.m2\repository\org\junit\jupiter\junit-jupiter-params\5.9.3\junit-jupiter-params-5.9.3.jar;C:\Users\xonix\.m2\repository\org\junit\jupiter\junit-jupiter-engine\5.9.3\junit-jupiter-engine-5.9.3.jar;"/>
    <property name="java.vm.vendor" value="Eclipse Adoptium"/>
    <property name="sun.arch.data.model" value="64"/>
    <property name="user.variant" value=""/>
    <property name="java.vendor.url" value="https://adoptium.net/"/>
    <property name="user.timezone" value="Australia/Sydney"/>
    <property name="os.name" value="Windows 10"/>
    <property name="java.vm.specification.version" value="17"/>
    <property name="sun.java.launcher" value="SUN_STANDARD"/>
    <property name="user.country" value="GB"/>
    <property name="sun.boot.library.path" value="C:\Users\xonix\Tools\jdk\jdk-17.0.5+8\bin"/>
    <property name="sun.java.command" value="C:\Users\xonix\AppData\Local\Temp\surefire13615951372658258257\surefirebooter-20240521181334570_3.jar C:\Users\xonix\AppData\Local\Temp\surefire13615951372658258257 2024-05-21T18-13-34_311-jvmRun1 surefire-20240521181334570_1tmp surefire_0-20240521181334570_2tmp"/>
    <property name="jdk.debug" value="release"/>
    <property name="surefire.test.class.path" value="C:\Users\xonix\Projects\data-migration-testing\target\test-classes;C:\Users\xonix\Projects\data-migration-testing\target\classes;C:\Users\xonix\.m2\repository\org\springframework\boot\spring-boot-starter\3.2.4\spring-boot-starter-3.2.4.jar;C:\Users\xonix\.m2\repository\org\springframework\boot\spring-boot\3.2.4\spring-boot-3.2.4.jar;C:\Users\xonix\.m2\repository\org\springframework\spring-context\6.1.5\spring-context-6.1.5.jar;C:\Users\xonix\.m2\repository\org\springframework\spring-aop\6.1.5\spring-aop-6.1.5.jar;C:\Users\xonix\.m2\repository\org\springframework\spring-beans\6.1.5\spring-beans-6.1.5.jar;C:\Users\xonix\.m2\repository\org\springframework\spring-expression\6.1.5\spring-expression-6.1.5.jar;C:\Users\xonix\.m2\repository\io\micrometer\micrometer-observation\1.12.4\micrometer-observation-1.12.4.jar;C:\Users\xonix\.m2\repository\io\micrometer\micrometer-commons\1.12.4\micrometer-commons-1.12.4.jar;C:\Users\xonix\.m2\repository\org\springframework\boot\spring-boot-autoconfigure\3.2.4\spring-boot-autoconfigure-3.2.4.jar;C:\Users\xonix\.m2\repository\org\springframework\boot\spring-boot-starter-logging\3.2.4\spring-boot-starter-logging-3.2.4.jar;C:\Users\xonix\.m2\repository\ch\qos\logback\logback-classic\1.4.14\logback-classic-1.4.14.jar;C:\Users\xonix\.m2\repository\ch\qos\logback\logback-core\1.4.14\logback-core-1.4.14.jar;C:\Users\xonix\.m2\repository\org\apache\logging\log4j\log4j-to-slf4j\2.17.2\log4j-to-slf4j-2.17.2.jar;C:\Users\xonix\.m2\repository\org\apache\logging\log4j\log4j-api\2.17.2\log4j-api-2.17.2.jar;C:\Users\xonix\.m2\repository\org\slf4j\jul-to-slf4j\2.0.12\jul-to-slf4j-2.0.12.jar;C:\Users\xonix\.m2\repository\jakarta\annotation\jakarta.annotation-api\2.1.1\jakarta.annotation-api-2.1.1.jar;C:\Users\xonix\.m2\repository\org\springframework\spring-core\6.1.5\spring-core-6.1.5.jar;C:\Users\xonix\.m2\repository\org\springframework\spring-jcl\6.1.5\spring-jcl-6.1.5.jar;C:\Users\xonix\.m2\repository\org\yaml\snakeyaml\2.2\snakeyaml-2.2.jar;C:\Users\xonix\.m2\repository\org\springframework\boot\spring-boot-starter-test\3.2.4\spring-boot-starter-test-3.2.4.jar;C:\Users\xonix\.m2\repository\org\springframework\boot\spring-boot-test\3.2.4\spring-boot-test-3.2.4.jar;C:\Users\xonix\.m2\repository\org\springframework\boot\spring-boot-test-autoconfigure\3.2.4\spring-boot-test-autoconfigure-3.2.4.jar;C:\Users\xonix\.m2\repository\com\jayway\jsonpath\json-path\2.9.0\json-path-2.9.0.jar;C:\Users\xonix\.m2\repository\org\slf4j\slf4j-api\2.0.12\slf4j-api-2.0.12.jar;C:\Users\xonix\.m2\repository\jakarta\xml\bind\jakarta.xml.bind-api\4.0.2\jakarta.xml.bind-api-4.0.2.jar;C:\Users\xonix\.m2\repository\jakarta\activation\jakarta.activation-api\2.1.3\jakarta.activation-api-2.1.3.jar;C:\Users\xonix\.m2\repository\net\minidev\json-smart\2.5.0\json-smart-2.5.0.jar;C:\Users\xonix\.m2\repository\net\minidev\accessors-smart\2.5.0\accessors-smart-2.5.0.jar;C:\Users\xonix\.m2\repository\org\ow2\asm\asm\9.3\asm-9.3.jar;C:\Users\xonix\.m2\repository\org\assertj\assertj-core\3.24.2\assertj-core-3.24.2.jar;C:\Users\xonix\.m2\repository\net\bytebuddy\byte-buddy\1.14.12\byte-buddy-1.14.12.jar;C:\Users\xonix\.m2\repository\org\awaitility\awaitility\4.2.0\awaitility-4.2.0.jar;C:\Users\xonix\.m2\repository\org\hamcrest\hamcrest\2.2\hamcrest-2.2.jar;C:\Users\xonix\.m2\repository\org\mockito\mockito-core\4.11.0\mockito-core-4.11.0.jar;C:\Users\xonix\.m2\repository\net\bytebuddy\byte-buddy-agent\1.14.12\byte-buddy-agent-1.14.12.jar;C:\Users\xonix\.m2\repository\org\objenesis\objenesis\3.3\objenesis-3.3.jar;C:\Users\xonix\.m2\repository\org\mockito\mockito-junit-jupiter\4.11.0\mockito-junit-jupiter-4.11.0.jar;C:\Users\xonix\.m2\repository\org\skyscreamer\jsonassert\1.5.1\jsonassert-1.5.1.jar;C:\Users\xonix\.m2\repository\com\vaadin\external\google\android-json\0.0.20131108.vaadin1\android-json-0.0.20131108.vaadin1.jar;C:\Users\xonix\.m2\repository\org\springframework\spring-test\6.1.5\spring-test-6.1.5.jar;C:\Users\xonix\.m2\repository\org\xmlunit\xmlunit-core\2.9.1\xmlunit-core-2.9.1.jar;C:\Users\xonix\.m2\repository\org\eclipse\rdf4j\rdf4j-http-client\4.3.11\rdf4j-http-client-4.3.11.jar;C:\Users\xonix\.m2\repository\org\apache\httpcomponents\httpclient\4.5.14\httpclient-4.5.14.jar;C:\Users\xonix\.m2\repository\org\apache\httpcomponents\httpcore\4.4.16\httpcore-4.4.16.jar;C:\Users\xonix\.m2\repository\commons-codec\commons-codec\1.16.1\commons-codec-1.16.1.jar;C:\Users\xonix\.m2\repository\org\eclipse\rdf4j\rdf4j-http-protocol\4.3.11\rdf4j-http-protocol-4.3.11.jar;C:\Users\xonix\.m2\repository\org\eclipse\rdf4j\rdf4j-model-api\4.3.11\rdf4j-model-api-4.3.11.jar;C:\Users\xonix\.m2\repository\org\eclipse\rdf4j\rdf4j-model-vocabulary\4.3.11\rdf4j-model-vocabulary-4.3.11.jar;C:\Users\xonix\.m2\repository\org\eclipse\rdf4j\rdf4j-model\4.3.11\rdf4j-model-4.3.11.jar;C:\Users\xonix\.m2\repository\org\eclipse\rdf4j\rdf4j-query\4.3.11\rdf4j-query-4.3.11.jar;C:\Users\xonix\.m2\repository\com\fasterxml\jackson\core\jackson-annotations\2.13.5\jackson-annotations-2.13.5.jar;C:\Users\xonix\.m2\repository\com\fasterxml\jackson\core\jackson-core\2.13.5\jackson-core-2.13.5.jar;C:\Users\xonix\.m2\repository\com\fasterxml\jackson\core\jackson-databind\2.13.5\jackson-databind-2.13.5.jar;C:\Users\xonix\.m2\repository\org\eclipse\rdf4j\rdf4j-queryalgebra-model\4.3.11\rdf4j-queryalgebra-model-4.3.11.jar;C:\Users\xonix\.m2\repository\org\eclipse\rdf4j\rdf4j-queryparser-api\4.3.11\rdf4j-queryparser-api-4.3.11.jar;C:\Users\xonix\.m2\repository\org\eclipse\rdf4j\rdf4j-queryparser-sparql\4.3.11\rdf4j-queryparser-sparql-4.3.11.jar;C:\Users\xonix\.m2\repository\org\eclipse\rdf4j\rdf4j-queryrender\4.3.11\rdf4j-queryrender-4.3.11.jar;C:\Users\xonix\.m2\repository\org\eclipse\rdf4j\rdf4j-queryresultio-api\4.3.11\rdf4j-queryresultio-api-4.3.11.jar;C:\Users\xonix\.m2\repository\org\eclipse\rdf4j\rdf4j-queryresultio-binary\4.3.11\rdf4j-queryresultio-binary-4.3.11.jar;C:\Users\xonix\.m2\repository\org\eclipse\rdf4j\rdf4j-queryresultio-sparqljson\4.3.11\rdf4j-queryresultio-sparqljson-4.3.11.jar;C:\Users\xonix\.m2\repository\org\eclipse\rdf4j\rdf4j-queryresultio-sparqlxml\4.3.11\rdf4j-queryresultio-sparqlxml-4.3.11.jar;C:\Users\xonix\.m2\repository\org\eclipse\rdf4j\rdf4j-queryresultio-text\4.3.11\rdf4j-queryresultio-text-4.3.11.jar;C:\Users\xonix\.m2\repository\com\opencsv\opencsv\5.3\opencsv-5.3.jar;C:\Users\xonix\.m2\repository\commons-beanutils\commons-beanutils\1.9.4\commons-beanutils-1.9.4.jar;C:\Users\xonix\.m2\repository\commons-collections\commons-collections\3.2.2\commons-collections-3.2.2.jar;C:\Users\xonix\.m2\repository\org\apache\commons\commons-collections4\4.4\commons-collections4-4.4.jar;C:\Users\xonix\.m2\repository\org\eclipse\rdf4j\rdf4j-repository-api\4.3.11\rdf4j-repository-api-4.3.11.jar;C:\Users\xonix\.m2\repository\org\eclipse\rdf4j\rdf4j-repository-contextaware\4.3.11\rdf4j-repository-contextaware-4.3.11.jar;C:\Users\xonix\.m2\repository\org\eclipse\rdf4j\rdf4j-repository-event\4.3.11\rdf4j-repository-event-4.3.11.jar;C:\Users\xonix\.m2\repository\org\eclipse\rdf4j\rdf4j-repository-http\4.3.11\rdf4j-repository-http-4.3.11.jar;C:\Users\xonix\.m2\repository\org\eclipse\rdf4j\rdf4j-repository-manager\4.3.11\rdf4j-repository-manager-4.3.11.jar;C:\Users\xonix\.m2\repository\org\eclipse\rdf4j\rdf4j-repository-sparql\4.3.11\rdf4j-repository-sparql-4.3.11.jar;C:\Users\xonix\.m2\repository\org\eclipse\rdf4j\rdf4j-rio-api\4.3.11\rdf4j-rio-api-4.3.11.jar;C:\Users\xonix\.m2\repository\com\github\jsonld-java\jsonld-java\0.13.4\jsonld-java-0.13.4.jar;C:\Users\xonix\.m2\repository\org\eclipse\rdf4j\rdf4j-rio-binary\4.3.11\rdf4j-rio-binary-4.3.11.jar;C:\Users\xonix\.m2\repository\org\eclipse\rdf4j\rdf4j-rio-datatypes\4.3.11\rdf4j-rio-datatypes-4.3.11.jar;C:\Users\xonix\.m2\repository\org\eclipse\rdf4j\rdf4j-rio-jsonld\4.3.11\rdf4j-rio-jsonld-4.3.11.jar;C:\Users\xonix\.m2\repository\org\apache\httpcomponents\httpclient-cache\4.5.14\httpclient-cache-4.5.14.jar;C:\Users\xonix\.m2\repository\commons-io\commons-io\2.11.0\commons-io-2.11.0.jar;C:\Users\xonix\.m2\repository\org\eclipse\rdf4j\rdf4j-rio-languages\4.3.11\rdf4j-rio-languages-4.3.11.jar;C:\Users\xonix\.m2\repository\org\eclipse\rdf4j\rdf4j-rio-n3\4.3.11\rdf4j-rio-n3-4.3.11.jar;C:\Users\xonix\.m2\repository\org\eclipse\rdf4j\rdf4j-rio-nquads\4.3.11\rdf4j-rio-nquads-4.3.11.jar;C:\Users\xonix\.m2\repository\org\eclipse\rdf4j\rdf4j-rio-ntriples\4.3.11\rdf4j-rio-ntriples-4.3.11.jar;C:\Users\xonix\.m2\repository\org\eclipse\rdf4j\rdf4j-rio-rdfjson\4.3.11\rdf4j-rio-rdfjson-4.3.11.jar;C:\Users\xonix\.m2\repository\org\eclipse\rdf4j\rdf4j-rio-rdfxml\4.3.11\rdf4j-rio-rdfxml-4.3.11.jar;C:\Users\xonix\.m2\repository\org\eclipse\rdf4j\rdf4j-rio-trig\4.3.11\rdf4j-rio-trig-4.3.11.jar;C:\Users\xonix\.m2\repository\org\eclipse\rdf4j\rdf4j-rio-trix\4.3.11\rdf4j-rio-trix-4.3.11.jar;C:\Users\xonix\.m2\repository\org\eclipse\rdf4j\rdf4j-rio-turtle\4.3.11\rdf4j-rio-turtle-4.3.11.jar;C:\Users\xonix\.m2\repository\org\eclipse\rdf4j\rdf4j-sparqlbuilder\4.3.11\rdf4j-sparqlbuilder-4.3.11.jar;C:\Users\xonix\.m2\repository\org\eclipse\rdf4j\rdf4j-common-annotation\4.3.11\rdf4j-common-annotation-4.3.11.jar;C:\Users\xonix\.m2\repository\org\eclipse\rdf4j\rdf4j-common-exception\4.3.11\rdf4j-common-exception-4.3.11.jar;C:\Users\xonix\.m2\repository\org\eclipse\rdf4j\rdf4j-common-io\4.3.11\rdf4j-common-io-4.3.11.jar;C:\Users\xonix\.m2\repository\org\eclipse\rdf4j\rdf4j-common-iterator\4.3.11\rdf4j-common-iterator-4.3.11.jar;C:\Users\xonix\.m2\repository\org\eclipse\rdf4j\rdf4j-common-text\4.3.11\rdf4j-common-text-4.3.11.jar;C:\Users\xonix\.m2\repository\org\eclipse\rdf4j\rdf4j-common-transaction\4.3.11\rdf4j-common-transaction-4.3.11.jar;C:\Users\xonix\.m2\repository\org\eclipse\rdf4j\rdf4j-common-util\4.3.11\rdf4j-common-util-4.3.11.jar;C:\Users\xonix\.m2\repository\org\eclipse\rdf4j\rdf4j-common-xml\4.3.11\rdf4j-common-xml-4.3.11.jar;C:\Users\xonix\.m2\repository\org\eclipse\rdf4j\rdf4j-queryalgebra-evaluation\4.3.11\rdf4j-queryalgebra-evaluation-4.3.11.jar;C:\Users\xonix\.m2\repository\org\eclipse\rdf4j\rdf4j-collection-factory-api\4.3.11\rdf4j-collection-factory-api-4.3.11.jar;C:\Users\xonix\.m2\repository\org\apache\commons\commons-math3\3.6.1\commons-math3-3.6.1.jar;C:\Users\xonix\.m2\repository\com\google\guava\guava\32.1.3-jre\guava-32.1.3-jre.jar;C:\Users\xonix\.m2\repository\com\google\guava\failureaccess\1.0.1\failureaccess-1.0.1.jar;C:\Users\xonix\.m2\repository\com\google\guava\listenablefuture\9999.0-empty-to-avoid-conflict-with-guava\listenablefuture-9999.0-empty-to-avoid-conflict-with-guava.jar;C:\Users\xonix\.m2\repository\org\eclipse\rdf4j\rdf4j-queryalgebra-geosparql\4.3.11\rdf4j-queryalgebra-geosparql-4.3.11.jar;C:\Users\xonix\.m2\repository\org\locationtech\spatial4j\spatial4j\0.8\spatial4j-0.8.jar;C:\Users\xonix\.m2\repository\org\locationtech\jts\jts-core\1.18.2\jts-core-1.18.2.jar;C:\Users\xonix\.m2\repository\org\eclipse\rdf4j\rdf4j-repository-dataset\4.3.11\rdf4j-repository-dataset-4.3.11.jar;C:\Users\xonix\.m2\repository\org\eclipse\rdf4j\rdf4j-repository-sail\4.3.11\rdf4j-repository-sail-4.3.11.jar;C:\Users\xonix\.m2\repository\org\eclipse\rdf4j\rdf4j-sail-api\4.3.11\rdf4j-sail-api-4.3.11.jar;C:\Users\xonix\.m2\repository\org\eclipse\rdf4j\rdf4j-sail-base\4.3.11\rdf4j-sail-base-4.3.11.jar;C:\Users\xonix\.m2\repository\org\eclipse\rdf4j\rdf4j-sail-inferencer\4.3.11\rdf4j-sail-inferencer-4.3.11.jar;C:\Users\xonix\.m2\repository\org\eclipse\rdf4j\rdf4j-sail-model\4.3.11\rdf4j-sail-model-4.3.11.jar;C:\Users\xonix\.m2\repository\org\eclipse\rdf4j\rdf4j-sail-elasticsearch\4.3.11\rdf4j-sail-elasticsearch-4.3.11.jar;C:\Users\xonix\.m2\repository\org\eclipse\rdf4j\rdf4j-sail-lucene-api\4.3.11\rdf4j-sail-lucene-api-4.3.11.jar;C:\Users\xonix\.m2\repository\org\slf4j\jcl-over-slf4j\2.0.12\jcl-over-slf4j-2.0.12.jar;C:\Users\xonix\.m2\repository\org\eclipse\rdf4j\rdf4j-sail-lucene\4.3.11\rdf4j-sail-lucene-4.3.11.jar;C:\Users\xonix\.m2\repository\org\apache\lucene\lucene-core\8.9.0\lucene-core-8.9.0.jar;C:\Users\xonix\.m2\repository\org\apache\lucene\lucene-queries\8.9.0\lucene-queries-8.9.0.jar;C:\Users\xonix\.m2\repository\org\apache\lucene\lucene-highlighter\8.9.0\lucene-highlighter-8.9.0.jar;C:\Users\xonix\.m2\repository\org\apache\lucene\lucene-memory\8.9.0\lucene-memory-8.9.0.jar;C:\Users\xonix\.m2\repository\org\apache\lucene\lucene-analyzers-common\8.9.0\lucene-analyzers-common-8.9.0.jar;C:\Users\xonix\.m2\repository\org\apache\lucene\lucene-queryparser\8.9.0\lucene-queryparser-8.9.0.jar;C:\Users\xonix\.m2\repository\org\apache\lucene\lucene-sandbox\8.9.0\lucene-sandbox-8.9.0.jar;C:\Users\xonix\.m2\repository\org\apache\lucene\lucene-spatial-extras\8.9.0\lucene-spatial-extras-8.9.0.jar;C:\Users\xonix\.m2\repository\org\apache\lucene\lucene-spatial3d\8.9.0\lucene-spatial3d-8.9.0.jar;C:\Users\xonix\.m2\repository\io\sgr\s2-geometry-library-java\1.0.0\s2-geometry-library-java-1.0.0.jar;C:\Users\xonix\.m2\repository\org\apache\lucene\lucene-backward-codecs\8.9.0\lucene-backward-codecs-8.9.0.jar;C:\Users\xonix\.m2\repository\org\eclipse\rdf4j\rdf4j-sail-solr\4.3.11\rdf4j-sail-solr-4.3.11.jar;C:\Users\xonix\.m2\repository\org\apache\solr\solr-solrj\8.9.0\solr-solrj-8.9.0.jar;C:\Users\xonix\.m2\repository\commons-lang\commons-lang\2.6\commons-lang-2.6.jar;C:\Users\xonix\.m2\repository\io\netty\netty-buffer\4.1.107.Final\netty-buffer-4.1.107.Final.jar;C:\Users\xonix\.m2\repository\io\netty\netty-codec\4.1.107.Final\netty-codec-4.1.107.Final.jar;C:\Users\xonix\.m2\repository\io\netty\netty-common\4.1.107.Final\netty-common-4.1.107.Final.jar;C:\Users\xonix\.m2\repository\io\netty\netty-handler\4.1.107.Final\netty-handler-4.1.107.Final.jar;C:\Users\xonix\.m2\repository\io\netty\netty-resolver\4.1.107.Final\netty-resolver-4.1.107.Final.jar;C:\Users\xonix\.m2\repository\io\netty\netty-transport\4.1.107.Final\netty-transport-4.1.107.Final.jar;C:\Users\xonix\.m2\repository\io\netty\netty-transport-native-epoll\4.1.107.Final\netty-transport-native-epoll-4.1.107.Final.jar;C:\Users\xonix\.m2\repository\io\netty\netty-transport-classes-epoll\4.1.107.Final\netty-transport-classes-epoll-4.1.107.Final.jar;C:\Users\xonix\.m2\repository\io\netty\netty-transport-native-unix-common\4.1.107.Final\netty-transport-native-unix-common-4.1.107.Final.jar;C:\Users\xonix\.m2\repository\org\apache\httpcomponents\httpmime\4.5.14\httpmime-4.5.14.jar;C:\Users\xonix\.m2\repository\org\apache\zookeeper\zookeeper\3.6.2\zookeeper-3.6.2.jar;C:\Users\xonix\.m2\repository\org\apache\zookeeper\zookeeper-jute\3.6.2\zookeeper-jute-3.6.2.jar;C:\Users\xonix\.m2\repository\org\codehaus\woodstox\stax2-api\3.1.4\stax2-api-3.1.4.jar;C:\Users\xonix\.m2\repository\org\codehaus\woodstox\woodstox-core-asl\4.4.1\woodstox-core-asl-4.4.1.jar;C:\Users\xonix\.m2\repository\org\eclipse\jetty\jetty-alpn-client\9.4.53.v20231009\jetty-alpn-client-9.4.53.v20231009.jar;C:\Users\xonix\.m2\repository\org\eclipse\jetty\jetty-alpn-java-client\9.4.53.v20231009\jetty-alpn-java-client-9.4.53.v20231009.jar;C:\Users\xonix\.m2\repository\org\eclipse\jetty\jetty-client\9.4.53.v20231009\jetty-client-9.4.53.v20231009.jar;C:\Users\xonix\.m2\repository\org\eclipse\jetty\jetty-http\9.4.53.v20231009\jetty-http-9.4.53.v20231009.jar;C:\Users\xonix\.m2\repository\org\eclipse\jetty\jetty-io\9.4.53.v20231009\jetty-io-9.4.53.v20231009.jar;C:\Users\xonix\.m2\repository\org\eclipse\jetty\jetty-util\9.4.53.v20231009\jetty-util-9.4.53.v20231009.jar;C:\Users\xonix\.m2\repository\org\eclipse\jetty\http2\http2-client\9.4.53.v20231009\http2-client-9.4.53.v20231009.jar;C:\Users\xonix\.m2\repository\org\eclipse\jetty\http2\http2-common\9.4.53.v20231009\http2-common-9.4.53.v20231009.jar;C:\Users\xonix\.m2\repository\org\eclipse\jetty\http2\http2-hpack\9.4.53.v20231009\http2-hpack-9.4.53.v20231009.jar;C:\Users\xonix\.m2\repository\org\eclipse\jetty\http2\http2-http-client-transport\9.4.53.v20231009\http2-http-client-transport-9.4.53.v20231009.jar;C:\Users\xonix\.m2\repository\org\xerial\snappy\snappy-java\1.1.7.6\snappy-java-1.1.7.6.jar;C:\Users\xonix\.m2\repository\org\eclipse\rdf4j\rdf4j-sail-memory\4.3.11\rdf4j-sail-memory-4.3.11.jar;C:\Users\xonix\.m2\repository\org\eclipse\rdf4j\rdf4j-sail-lmdb\4.3.11\rdf4j-sail-lmdb-4.3.11.jar;C:\Users\xonix\.m2\repository\org\lwjgl\lwjgl-lmdb\3.3.3\lwjgl-lmdb-3.3.3.jar;C:\Users\xonix\.m2\repository\org\lwjgl\lwjgl\3.3.3\lwjgl-3.3.3.jar;C:\Users\xonix\.m2\repository\org\lwjgl\lwjgl-lmdb\3.3.3\lwjgl-lmdb-3.3.3-natives-linux.jar;C:\Users\xonix\.m2\repository\org\lwjgl\lwjgl-lmdb\3.3.3\lwjgl-lmdb-3.3.3-natives-linux-arm64.jar;C:\Users\xonix\.m2\repository\org\lwjgl\lwjgl-lmdb\3.3.3\lwjgl-lmdb-3.3.3-natives-macos.jar;C:\Users\xonix\.m2\repository\org\lwjgl\lwjgl-lmdb\3.3.3\lwjgl-lmdb-3.3.3-natives-macos-arm64.jar;C:\Users\xonix\.m2\repository\org\lwjgl\lwjgl-lmdb\3.3.3\lwjgl-lmdb-3.3.3-natives-windows.jar;C:\Users\xonix\.m2\repository\org\lwjgl\lwjgl-lmdb\3.3.3\lwjgl-lmdb-3.3.3-natives-windows-arm64.jar;C:\Users\xonix\.m2\repository\org\lwjgl\lwjgl\3.3.3\lwjgl-3.3.3-natives-linux.jar;C:\Users\xonix\.m2\repository\org\lwjgl\lwjgl\3.3.3\lwjgl-3.3.3-natives-linux-arm64.jar;C:\Users\xonix\.m2\repository\org\lwjgl\lwjgl\3.3.3\lwjgl-3.3.3-natives-macos.jar;C:\Users\xonix\.m2\repository\org\lwjgl\lwjgl\3.3.3\lwjgl-3.3.3-natives-macos-arm64.jar;C:\Users\xonix\.m2\repository\org\lwjgl\lwjgl\3.3.3\lwjgl-3.3.3-natives-windows.jar;C:\Users\xonix\.m2\repository\org\lwjgl\lwjgl\3.3.3\lwjgl-3.3.3-natives-windows-arm64.jar;C:\Users\xonix\.m2\repository\org\eclipse\rdf4j\rdf4j-collection-factory-mapdb\4.3.11\rdf4j-collection-factory-mapdb-4.3.11.jar;C:\Users\xonix\.m2\repository\org\mapdb\mapdb\1.0.9\mapdb-1.0.9.jar;C:\Users\xonix\.m2\repository\org\eclipse\rdf4j\rdf4j-sail-nativerdf\4.3.11\rdf4j-sail-nativerdf-4.3.11.jar;C:\Users\xonix\.m2\repository\org\eclipse\rdf4j\rdf4j-spin\4.3.11\rdf4j-spin-4.3.11.jar;C:\Users\xonix\.m2\repository\org\apache\commons\commons-text\1.10.0\commons-text-1.10.0.jar;C:\Users\xonix\.m2\repository\org\eclipse\rdf4j\rdf4j-shacl\4.3.11\rdf4j-shacl-4.3.11.jar;C:\Users\xonix\.m2\repository\org\apache\commons\commons-lang3\3.13.0\commons-lang3-3.13.0.jar;C:\Users\xonix\.m2\repository\org\apache\commons\commons-csv\1.10.0\commons-csv-1.10.0.jar;C:\Users\xonix\.m2\repository\org\projectlombok\lombok\1.18.24\lombok-1.18.24.jar;C:\Users\xonix\.m2\repository\io\cucumber\cucumber-java\7.17.0\cucumber-java-7.17.0.jar;C:\Users\xonix\.m2\repository\io\cucumber\cucumber-core\7.17.0\cucumber-core-7.17.0.jar;C:\Users\xonix\.m2\repository\io\cucumber\cucumber-gherkin\7.17.0\cucumber-gherkin-7.17.0.jar;C:\Users\xonix\.m2\repository\io\cucumber\cucumber-gherkin-messages\7.17.0\cucumber-gherkin-messages-7.17.0.jar;C:\Users\xonix\.m2\repository\io\cucumber\gherkin\28.0.0\gherkin-28.0.0.jar;C:\Users\xonix\.m2\repository\io\cucumber\messages\24.1.0\messages-24.1.0.jar;C:\Users\xonix\.m2\repository\io\cucumber\testng-xml-formatter\0.1.0\testng-xml-formatter-0.1.0.jar;C:\Users\xonix\.m2\repository\io\cucumber\query\12.1.2\query-12.1.2.jar;C:\Users\xonix\.m2\repository\io\cucumber\tag-expressions\6.1.0\tag-expressions-6.1.0.jar;C:\Users\xonix\.m2\repository\io\cucumber\cucumber-expressions\17.1.0\cucumber-expressions-17.1.0.jar;C:\Users\xonix\.m2\repository\io\cucumber\datatable\7.17.0\datatable-7.17.0.jar;C:\Users\xonix\.m2\repository\io\cucumber\cucumber-plugin\7.17.0\cucumber-plugin-7.17.0.jar;C:\Users\xonix\.m2\repository\io\cucumber\docstring\7.17.0\docstring-7.17.0.jar;C:\Users\xonix\.m2\repository\io\cucumber\html-formatter\21.3.1\html-formatter-21.3.1.jar;C:\Users\xonix\.m2\repository\io\cucumber\junit-xml-formatter\0.4.0\junit-xml-formatter-0.4.0.jar;C:\Users\xonix\.m2\repository\io\cucumber\ci-environment\10.0.1\ci-environment-10.0.1.jar;C:\Users\xonix\.m2\repository\org\apiguardian\apiguardian-api\1.1.2\apiguardian-api-1.1.2.jar;C:\Users\xonix\.m2\repository\io\cucumber\cucumber-spring\7.17.0\cucumber-spring-7.17.0.jar;C:\Users\xonix\.m2\repository\io\cucumber\cucumber-junit-platform-engine\7.17.0\cucumber-junit-platform-engine-7.17.0.jar;C:\Users\xonix\.m2\repository\org\junit\platform\junit-platform-engine\1.9.3\junit-platform-engine-1.9.3.jar;C:\Users\xonix\.m2\repository\org\opentest4j\opentest4j\1.2.0\opentest4j-1.2.0.jar;C:\Users\xonix\.m2\repository\org\junit\platform\junit-platform-commons\1.9.3\junit-platform-commons-1.9.3.jar;C:\Users\xonix\.m2\repository\org\junit\platform\junit-platform-suite\1.9.3\junit-platform-suite-1.9.3.jar;C:\Users\xonix\.m2\repository\org\junit\platform\junit-platform-suite-api\1.9.3\junit-platform-suite-api-1.9.3.jar;C:\Users\xonix\.m2\repository\org\junit\platform\junit-platform-suite-engine\1.9.3\junit-platform-suite-engine-1.9.3.jar;C:\Users\xonix\.m2\repository\org\junit\platform\junit-platform-suite-commons\1.9.3\junit-platform-suite-commons-1.9.3.jar;C:\Users\xonix\.m2\repository\org\junit\platform\junit-platform-launcher\1.9.3\junit-platform-launcher-1.9.3.jar;C:\Users\xonix\.m2\repository\org\junit\jupiter\junit-jupiter\5.9.3\junit-jupiter-5.9.3.jar;C:\Users\xonix\.m2\repository\org\junit\jupiter\junit-jupiter-api\5.9.3\junit-jupiter-api-5.9.3.jar;C:\Users\xonix\.m2\repository\org\junit\jupiter\junit-jupiter-params\5.9.3\junit-jupiter-params-5.9.3.jar;C:\Users\xonix\.m2\repository\org\junit\jupiter\junit-jupiter-engine\5.9.3\junit-jupiter-engine-5.9.3.jar;"/>
    <property name="sun.cpu.endian" value="little"/>
    <property name="user.home" value="C:\Users\xonix"/>
    <property name="user.language" value="en"/>
    <property name="java.specification.vendor" value="Oracle Corporation"/>
    <property name="java.version.date" value="2022-10-18"/>
    <property name="java.home" value="C:\Users\xonix\Tools\jdk\jdk-17.0.5+8"/>
    <property name="file.separator" value="\"/>
    <property name="basedir" value="C:\Users\xonix\Projects\data-migration-testing"/>
    <property name="java.vm.compressedOopsMode" value="Zero based"/>
    <property name="line.separator" value="&#10;"/>
    <property name="java.vm.specification.vendor" value="Oracle Corporation"/>
    <property name="java.specification.name" value="Java Platform API Specification"/>
    <property name="FILE_LOG_CHARSET" value="windows-1252"/>
    <property name="java.awt.headless" value="true"/>
    <property name="surefire.real.class.path" value="C:\Users\xonix\AppData\Local\Temp\surefire13615951372658258257\surefirebooter-20240521181334570_3.jar"/>
    <property name="user.script" value=""/>
    <property name="sun.management.compiler" value="HotSpot 64-Bit Tiered Compilers"/>
    <property name="java.runtime.version" value="17.0.5+8"/>
    <property name="user.name" value="xonix"/>
    <property name="path.separator" value=";"/>
    <property name="os.version" value="10.0"/>
    <property name="java.runtime.name" value="OpenJDK Runtime Environment"/>
    <property name="file.encoding" value="Cp1252"/>
    <property name="java.vm.name" value="OpenJDK 64-Bit Server VM"/>
    <property name="java.vendor.version" value="Temurin-17.0.5+8"/>
    <property name="localRepository" value="C:\Users\xonix\.m2\repository"/>
    <property name="java.vendor.url.bug" value="https://github.com/adoptium/adoptium-support/issues"/>
    <property name="java.io.tmpdir" value="C:\Users\xonix\AppData\Local\Temp\"/>
    <property name="java.version" value="17.0.5"/>
    <property name="user.dir" value="C:\Users\xonix\Projects\data-migration-testing"/>
    <property name="os.arch" value="amd64"/>
    <property name="java.vm.specification.name" value="Java Virtual Machine Specification"/>
    <property name="PID" value="12888"/>
    <property name="sun.os.patch.level" value=""/>
    <property name="CONSOLE_LOG_CHARSET" value="windows-1252"/>
    <property name="native.encoding" value="Cp1252"/>
    <property name="java.library.path" value="C:\Users\xonix\Tools\jdk\jdk-17.0.5+8\bin;C:\Windows\Sun\Java\bin;C:\Windows\system32;C:\Windows;C:\Users\xonix\Tools\jdk\jdk-17.0.5+8\bin;C:\Users\xonix\Tools\apache-maven-3.8.6\bin;C:\Users\xonix\Tools\Ruby30-x64\bin;C:\Python39\Scripts\;C:\Python39\;C:\Program Files (x86)\Microsoft SDKs\Azure\CLI2\wbin;C:\Windows\system32;C:\Windows;C:\Windows\System32\Wbem;C:\Windows\System32\WindowsPowerShell\v1.0\;C:\Windows\System32\OpenSSH\;C:\Program Files\Git\cmd;C:\Program Files (x86)\NVIDIA Corporation\PhysX\Common;C:\ProgramData\chocolatey\bin;C:\Users\xonix\Tools\npm-16.0.2\;C:\Program Files\dotnet\;;C:\Program Files\Docker\Docker\resources\bin;C:\Users\xonix\Tools\Ruby30-x64\bin;C:\Users\xonix\AppData\Local\Microsoft\WindowsApps;C:\Users\xonix\AppData\Local\Programs\Microsoft VS Code\bin;C:\Program Files\OpenSSL-Win64\bin;C:\Users\xonix\Tools\ngrok;C:\Users\xonix\AppData\Roaming\npm;C:\Users\xonix\Tools\cmctl;;C:\Users\xonix\AppData\Local\Programs\Azure Data Studio\bin;."/>
    <property name="java.vm.info" value="mixed mode, sharing"/>
    <property name="java.vendor" value="Eclipse Adoptium"/>
    <property name="java.vm.version" value="17.0.5+8"/>
    <property name="sun.io.unicode.encoding" value="UnicodeLittle"/>
    <property name="java.class.version" value="61.0"/>
  </properties>
  <testcase name="Example #1.1" classname="Examples" time="3.109">
    <system-out><![CDATA[18:13:38.459 [main] INFO org.springframework.test.context.support.AnnotationConfigContextLoaderUtils -- Could not detect default configuration classes for test class [com.dataqualityworks.migration.CucumberSpringStepDefinition]: CucumberSpringStepDefinition does not declare any static, non-private, non-final, nested classes annotated with @Configuration.
18:13:38.593 [main] INFO org.springframework.boot.test.context.SpringBootTestContextBootstrapper -- Found @SpringBootConfiguration com.dataqualityworks.migration.RdfBuilderApplication for test class com.dataqualityworks.migration.CucumberSpringStepDefinition
 ____  _____ _____ _____    _____ _____ _____ _____ _____ _____ _____ _____ _____    _____ _____ _____ _____ _____ _____ _____ 
|    \|  _  |_   _|  _  |  |     |     |   __| __  |  _  |_   _|     |     |   | |  |_   _|   __|   __|_   _|     |   | |   __|
|  |  |     | | | |     |  | | | |-   -|  |  |    -|     | | | |-   -|  |  | | | |    | | |   __|__   | | | |-   -| | | |  |  |
|____/|__|__| |_| |__|__|  |_|_|_|_____|_____|__|__|__|__| |_| |_____|_____|_|___|    |_| |_____|_____| |_| |_____|_|___|_____|
Data Migration Testing 1.0.0-SNAPSHOT
2024-05-21T18:13:39.352+10:00  INFO 12888 --- [           main] c.d.m.CucumberSpringStepDefinition       : Starting CucumberSpringStepDefinition using Java 17.0.5 with PID 12888 (started by xonix in C:\Users\xonix\Projects\data-migration-testing)
2024-05-21T18:13:39.355+10:00  INFO 12888 --- [           main] c.d.m.CucumberSpringStepDefinition       : No active profile set, falling back to 1 default profile: "default"
2024-05-21T18:13:40.306+10:00  INFO 12888 --- [           main] c.d.m.CucumberSpringStepDefinition       : Started CucumberSpringStepDefinition in 1.511 seconds (process running for 5.483)
2024-05-21T18:13:40.313+10:00  INFO 12888 --- [           main] c.d.migration.RdfBuilderApplication      : Running RDF Builder.
2024-05-21T18:13:40.313+10:00  INFO 12888 --- [           main] c.d.migration.readers.CsvReader          : Reading: specifications/actions.csv
2024-05-21T18:13:40.483+10:00  INFO 12888 --- [           main] c.d.migration.readers.CsvReader          : Reading: specifications/business-units.csv
2024-05-21T18:13:40.486+10:00  INFO 12888 --- [           main] c.d.migration.readers.CsvReader          : Reading: specifications/containers-source.csv
2024-05-21T18:13:40.530+10:00  INFO 12888 --- [           main] c.d.migration.readers.CsvReader          : Reading: specifications/containers-target.csv
2024-05-21T18:13:40.540+10:00  INFO 12888 --- [           main] c.d.migration.readers.CsvReader          : Reading: specifications/mappings.csv
2024-05-21T18:13:40.552+10:00  INFO 12888 --- [           main] c.d.migration.readers.CsvReader          : Reading: specifications/people.csv
2024-05-21T18:13:40.556+10:00  INFO 12888 --- [           main] c.d.migration.writers.TtlWriter          : Writing: graph.ttl
2024-05-21T18:13:40.693+10:00  INFO 12888 --- [           main] c.d.migration.RdfBuilderApplication      : Done building RDF.
2024-05-21T18:13:41.386+10:00  INFO 12888 --- [           main] c.d.migration.telemetry.TelemetryProbe   : Events: []
]]></system-out>
  </testcase>
  <testcase name="Example #1.1" classname="Examples" time="0.066">
    <system-out><![CDATA[2024-05-21T18:13:41.581+10:00  INFO 12888 --- [           main] t.c.s.AnnotationConfigContextLoaderUtils : Could not detect default configuration classes for test class [com.dataqualityworks.migration.CucumberSpringStepDefinition]: CucumberSpringStepDefinition does not declare any static, non-private, non-final, nested classes annotated with @Configuration.
2024-05-21T18:13:41.584+10:00  INFO 12888 --- [           main] .b.t.c.SpringBootTestContextBootstrapper : Found @SpringBootConfiguration com.dataqualityworks.migration.RdfBuilderApplication for test class com.dataqualityworks.migration.CucumberSpringStepDefinition
2024-05-21T18:13:41.641+10:00  INFO 12888 --- [           main] c.d.migration.telemetry.TelemetryProbe   : Events: []
]]></system-out>
  </testcase>
  <testcase name="Example #1.1" classname="Examples" time="0.058">
    <system-out><![CDATA[2024-05-21T18:13:42.240+10:00  INFO 12888 --- [           main] t.c.s.AnnotationConfigContextLoaderUtils : Could not detect default configuration classes for test class [com.dataqualityworks.migration.CucumberSpringStepDefinition]: CucumberSpringStepDefinition does not declare any static, non-private, non-final, nested classes annotated with @Configuration.
2024-05-21T18:13:42.242+10:00  INFO 12888 --- [           main] .b.t.c.SpringBootTestContextBootstrapper : Found @SpringBootConfiguration com.dataqualityworks.migration.RdfBuilderApplication for test class com.dataqualityworks.migration.CucumberSpringStepDefinition
2024-05-21T18:13:42.291+10:00  INFO 12888 --- [           main] c.d.migration.telemetry.TelemetryProbe   : Events: []
]]></system-out>
  </testcase>
  <testcase name="Example #1.1" classname="Examples" time="0.046">
    <system-out><![CDATA[2024-05-21T18:13:42.405+10:00  INFO 12888 --- [           main] t.c.s.AnnotationConfigContextLoaderUtils : Could not detect default configuration classes for test class [com.dataqualityworks.migration.CucumberSpringStepDefinition]: CucumberSpringStepDefinition does not declare any static, non-private, non-final, nested classes annotated with @Configuration.
2024-05-21T18:13:42.417+10:00  INFO 12888 --- [           main] .b.t.c.SpringBootTestContextBootstrapper : Found @SpringBootConfiguration com.dataqualityworks.migration.RdfBuilderApplication for test class com.dataqualityworks.migration.CucumberSpringStepDefinition
2024-05-21T18:13:42.444+10:00  INFO 12888 --- [           main] c.d.migration.telemetry.TelemetryProbe   : Events: []
]]></system-out>
  </testcase>
  <testcase name="Example #1.1" classname="Examples" time="0.029">
    <system-out><![CDATA[2024-05-21T18:13:42.451+10:00  INFO 12888 --- [           main] t.c.s.AnnotationConfigContextLoaderUtils : Could not detect default configuration classes for test class [com.dataqualityworks.migration.CucumberSpringStepDefinition]: CucumberSpringStepDefinition does not declare any static, non-private, non-final, nested classes annotated with @Configuration.
2024-05-21T18:13:42.452+10:00  INFO 12888 --- [           main] .b.t.c.SpringBootTestContextBootstrapper : Found @SpringBootConfiguration com.dataqualityworks.migration.RdfBuilderApplication for test class com.dataqualityworks.migration.CucumberSpringStepDefinition
2024-05-21T18:13:42.474+10:00  INFO 12888 --- [           main] c.d.migration.telemetry.TelemetryProbe   : Events: []
]]></system-out>
  </testcase>
  <testcase name="Example #1.1" classname="Examples" time="0.022">
    <system-out><![CDATA[2024-05-21T18:13:42.590+10:00  INFO 12888 --- [           main] t.c.s.AnnotationConfigContextLoaderUtils : Could not detect default configuration classes for test class [com.dataqualityworks.migration.CucumberSpringStepDefinition]: CucumberSpringStepDefinition does not declare any static, non-private, non-final, nested classes annotated with @Configuration.
2024-05-21T18:13:42.592+10:00  INFO 12888 --- [           main] .b.t.c.SpringBootTestContextBootstrapper : Found @SpringBootConfiguration com.dataqualityworks.migration.RdfBuilderApplication for test class com.dataqualityworks.migration.CucumberSpringStepDefinition
2024-05-21T18:13:42.607+10:00  INFO 12888 --- [           main] c.d.migration.telemetry.TelemetryProbe   : Events: []
]]></system-out>
  </testcase>
  <testcase name="Example #1.1" classname="Examples" time="0.024">
    <system-out><![CDATA[2024-05-21T18:13:42.617+10:00  INFO 12888 --- [           main] t.c.s.AnnotationConfigContextLoaderUtils : Could not detect default configuration classes for test class [com.dataqualityworks.migration.CucumberSpringStepDefinition]: CucumberSpringStepDefinition does not declare any static, non-private, non-final, nested classes annotated with @Configuration.
2024-05-21T18:13:42.619+10:00  INFO 12888 --- [           main] .b.t.c.SpringBootTestContextBootstrapper : Found @SpringBootConfiguration com.dataqualityworks.migration.RdfBuilderApplication for test class com.dataqualityworks.migration.CucumberSpringStepDefinition
2024-05-21T18:13:42.634+10:00  INFO 12888 --- [           main] c.d.migration.telemetry.TelemetryProbe   : Events: []
]]></system-out>
  </testcase>
  <testcase name="Example #1.1" classname="Examples" time="0.019">
    <system-out><![CDATA[2024-05-21T18:13:42.674+10:00  INFO 12888 --- [           main] t.c.s.AnnotationConfigContextLoaderUtils : Could not detect default configuration classes for test class [com.dataqualityworks.migration.CucumberSpringStepDefinition]: CucumberSpringStepDefinition does not declare any static, non-private, non-final, nested classes annotated with @Configuration.
2024-05-21T18:13:42.676+10:00  INFO 12888 --- [           main] .b.t.c.SpringBootTestContextBootstrapper : Found @SpringBootConfiguration com.dataqualityworks.migration.RdfBuilderApplication for test class com.dataqualityworks.migration.CucumberSpringStepDefinition
2024-05-21T18:13:42.688+10:00  INFO 12888 --- [           main] c.d.migration.telemetry.TelemetryProbe   : Events: []
]]></system-out>
  </testcase>
  <testcase name="Example #1.1" classname="Examples" time="0.034">
    <system-out><![CDATA[2024-05-21T18:13:42.753+10:00  INFO 12888 --- [           main] t.c.s.AnnotationConfigContextLoaderUtils : Could not detect default configuration classes for test class [com.dataqualityworks.migration.CucumberSpringStepDefinition]: CucumberSpringStepDefinition does not declare any static, non-private, non-final, nested classes annotated with @Configuration.
2024-05-21T18:13:42.760+10:00  INFO 12888 --- [           main] .b.t.c.SpringBootTestContextBootstrapper : Found @SpringBootConfiguration com.dataqualityworks.migration.RdfBuilderApplication for test class com.dataqualityworks.migration.CucumberSpringStepDefinition
2024-05-21T18:13:42.782+10:00  INFO 12888 --- [           main] c.d.migration.telemetry.TelemetryProbe   : Events: []
]]></system-out>
  </testcase>
  <testcase name="Example #1.1" classname="Examples" time="0.019">
    <system-out><![CDATA[2024-05-21T18:13:42.789+10:00  INFO 12888 --- [           main] t.c.s.AnnotationConfigContextLoaderUtils : Could not detect default configuration classes for test class [com.dataqualityworks.migration.CucumberSpringStepDefinition]: CucumberSpringStepDefinition does not declare any static, non-private, non-final, nested classes annotated with @Configuration.
2024-05-21T18:13:42.792+10:00  INFO 12888 --- [           main] .b.t.c.SpringBootTestContextBootstrapper : Found @SpringBootConfiguration com.dataqualityworks.migration.RdfBuilderApplication for test class com.dataqualityworks.migration.CucumberSpringStepDefinition
2024-05-21T18:13:42.802+10:00  INFO 12888 --- [           main] c.d.migration.telemetry.TelemetryProbe   : Events: []
]]></system-out>
  </testcase>
  <testcase name="Example #1.1" classname="Examples" time="0.029">
    <system-out><![CDATA[2024-05-21T18:13:42.809+10:00  INFO 12888 --- [           main] t.c.s.AnnotationConfigContextLoaderUtils : Could not detect default configuration classes for test class [com.dataqualityworks.migration.CucumberSpringStepDefinition]: CucumberSpringStepDefinition does not declare any static, non-private, non-final, nested classes annotated with @Configuration.
2024-05-21T18:13:42.813+10:00  INFO 12888 --- [           main] .b.t.c.SpringBootTestContextBootstrapper : Found @SpringBootConfiguration com.dataqualityworks.migration.RdfBuilderApplication for test class com.dataqualityworks.migration.CucumberSpringStepDefinition
2024-05-21T18:13:42.827+10:00  INFO 12888 --- [           main] c.d.migration.telemetry.TelemetryProbe   : Events: []
]]></system-out>
  </testcase>
  <testcase name="Example #1.1" classname="Examples" time="0.034">
    <system-out><![CDATA[2024-05-21T18:13:42.889+10:00  INFO 12888 --- [           main] t.c.s.AnnotationConfigContextLoaderUtils : Could not detect default configuration classes for test class [com.dataqualityworks.migration.CucumberSpringStepDefinition]: CucumberSpringStepDefinition does not declare any static, non-private, non-final, nested classes annotated with @Configuration.
2024-05-21T18:13:42.897+10:00  INFO 12888 --- [           main] .b.t.c.SpringBootTestContextBootstrapper : Found @SpringBootConfiguration com.dataqualityworks.migration.RdfBuilderApplication for test class com.dataqualityworks.migration.CucumberSpringStepDefinition
2024-05-21T18:13:42.919+10:00  INFO 12888 --- [           main] c.d.migration.telemetry.TelemetryProbe   : Events: []
]]></system-out>
  </testcase>
  <testcase name="Example #1.1" classname="Examples" time="0.02">
    <system-out><![CDATA[2024-05-21T18:13:42.926+10:00  INFO 12888 --- [           main] t.c.s.AnnotationConfigContextLoaderUtils : Could not detect default configuration classes for test class [com.dataqualityworks.migration.CucumberSpringStepDefinition]: CucumberSpringStepDefinition does not declare any static, non-private, non-final, nested classes annotated with @Configuration.
2024-05-21T18:13:42.928+10:00  INFO 12888 --- [           main] .b.t.c.SpringBootTestContextBootstrapper : Found @SpringBootConfiguration com.dataqualityworks.migration.RdfBuilderApplication for test class com.dataqualityworks.migration.CucumberSpringStepDefinition
2024-05-21T18:13:42.940+10:00  INFO 12888 --- [           main] c.d.migration.telemetry.TelemetryProbe   : Events: []
]]></system-out>
  </testcase>
  <testcase name="Example #1.1" classname="Examples" time="0.022">
    <system-out><![CDATA[2024-05-21T18:13:42.947+10:00  INFO 12888 --- [           main] t.c.s.AnnotationConfigContextLoaderUtils : Could not detect default configuration classes for test class [com.dataqualityworks.migration.CucumberSpringStepDefinition]: CucumberSpringStepDefinition does not declare any static, non-private, non-final, nested classes annotated with @Configuration.
2024-05-21T18:13:42.950+10:00  INFO 12888 --- [           main] .b.t.c.SpringBootTestContextBootstrapper : Found @SpringBootConfiguration com.dataqualityworks.migration.RdfBuilderApplication for test class com.dataqualityworks.migration.CucumberSpringStepDefinition
2024-05-21T18:13:42.962+10:00  INFO 12888 --- [           main] c.d.migration.telemetry.TelemetryProbe   : Events: []
]]></system-out>
  </testcase>
  <testcase name="Example #1.1" classname="Examples" time="0.023">
    <system-out><![CDATA[2024-05-21T18:13:42.974+10:00  INFO 12888 --- [           main] t.c.s.AnnotationConfigContextLoaderUtils : Could not detect default configuration classes for test class [com.dataqualityworks.migration.CucumberSpringStepDefinition]: CucumberSpringStepDefinition does not declare any static, non-private, non-final, nested classes annotated with @Configuration.
2024-05-21T18:13:42.976+10:00  INFO 12888 --- [           main] .b.t.c.SpringBootTestContextBootstrapper : Found @SpringBootConfiguration com.dataqualityworks.migration.RdfBuilderApplication for test class com.dataqualityworks.migration.CucumberSpringStepDefinition
2024-05-21T18:13:42.990+10:00  INFO 12888 --- [           main] c.d.migration.telemetry.TelemetryProbe   : Events: []
]]></system-out>
  </testcase>
  <testcase name="Example #1.1" classname="Examples" time="0.03">
    <system-out><![CDATA[2024-05-21T18:13:42.997+10:00  INFO 12888 --- [           main] t.c.s.AnnotationConfigContextLoaderUtils : Could not detect default configuration classes for test class [com.dataqualityworks.migration.CucumberSpringStepDefinition]: CucumberSpringStepDefinition does not declare any static, non-private, non-final, nested classes annotated with @Configuration.
2024-05-21T18:13:43.001+10:00  INFO 12888 --- [           main] .b.t.c.SpringBootTestContextBootstrapper : Found @SpringBootConfiguration com.dataqualityworks.migration.RdfBuilderApplication for test class com.dataqualityworks.migration.CucumberSpringStepDefinition
2024-05-21T18:13:43.019+10:00  INFO 12888 --- [           main] c.d.migration.telemetry.TelemetryProbe   : Events: []
]]></system-out>
  </testcase>
  <testcase name="Example #1.2" classname="Examples" time="0.059">
    <system-out><![CDATA[2024-05-21T18:13:41.403+10:00  INFO 12888 --- [           main] t.c.s.AnnotationConfigContextLoaderUtils : Could not detect default configuration classes for test class [com.dataqualityworks.migration.CucumberSpringStepDefinition]: CucumberSpringStepDefinition does not declare any static, non-private, non-final, nested classes annotated with @Configuration.
2024-05-21T18:13:41.406+10:00  INFO 12888 --- [           main] .b.t.c.SpringBootTestContextBootstrapper : Found @SpringBootConfiguration com.dataqualityworks.migration.RdfBuilderApplication for test class com.dataqualityworks.migration.CucumberSpringStepDefinition
2024-05-21T18:13:41.449+10:00  INFO 12888 --- [           main] c.d.migration.telemetry.TelemetryProbe   : Events: []
]]></system-out>
  </testcase>
  <testcase name="Example #1.2" classname="Examples" time="0.036">
    <system-out><![CDATA[2024-05-21T18:13:41.647+10:00  INFO 12888 --- [           main] t.c.s.AnnotationConfigContextLoaderUtils : Could not detect default configuration classes for test class [com.dataqualityworks.migration.CucumberSpringStepDefinition]: CucumberSpringStepDefinition does not declare any static, non-private, non-final, nested classes annotated with @Configuration.
2024-05-21T18:13:41.649+10:00  INFO 12888 --- [           main] .b.t.c.SpringBootTestContextBootstrapper : Found @SpringBootConfiguration com.dataqualityworks.migration.RdfBuilderApplication for test class com.dataqualityworks.migration.CucumberSpringStepDefinition
2024-05-21T18:13:41.675+10:00  INFO 12888 --- [           main] c.d.migration.telemetry.TelemetryProbe   : Events: []
]]></system-out>
  </testcase>
  <testcase name="Example #1.2" classname="Examples" time="0.04">
    <system-out><![CDATA[2024-05-21T18:13:42.297+10:00  INFO 12888 --- [           main] t.c.s.AnnotationConfigContextLoaderUtils : Could not detect default configuration classes for test class [com.dataqualityworks.migration.CucumberSpringStepDefinition]: CucumberSpringStepDefinition does not declare any static, non-private, non-final, nested classes annotated with @Configuration.
2024-05-21T18:13:42.301+10:00  INFO 12888 --- [           main] .b.t.c.SpringBootTestContextBootstrapper : Found @SpringBootConfiguration com.dataqualityworks.migration.RdfBuilderApplication for test class com.dataqualityworks.migration.CucumberSpringStepDefinition
2024-05-21T18:13:42.326+10:00  INFO 12888 --- [           main] c.d.migration.telemetry.TelemetryProbe   : Events: []
]]></system-out>
  </testcase>
  <testcase name="Example #1.2" classname="Examples" time="0.025">
    <system-out><![CDATA[2024-05-21T18:13:42.484+10:00  INFO 12888 --- [           main] t.c.s.AnnotationConfigContextLoaderUtils : Could not detect default configuration classes for test class [com.dataqualityworks.migration.CucumberSpringStepDefinition]: CucumberSpringStepDefinition does not declare any static, non-private, non-final, nested classes annotated with @Configuration.
2024-05-21T18:13:42.488+10:00  INFO 12888 --- [           main] .b.t.c.SpringBootTestContextBootstrapper : Found @SpringBootConfiguration com.dataqualityworks.migration.RdfBuilderApplication for test class com.dataqualityworks.migration.CucumberSpringStepDefinition
2024-05-21T18:13:42.502+10:00  INFO 12888 --- [           main] c.d.migration.telemetry.TelemetryProbe   : Events: []
]]></system-out>
  </testcase>
  <testcase name="Example #1.2" classname="Examples" time="0.031">
    <system-out><![CDATA[2024-05-21T18:13:42.841+10:00  INFO 12888 --- [           main] t.c.s.AnnotationConfigContextLoaderUtils : Could not detect default configuration classes for test class [com.dataqualityworks.migration.CucumberSpringStepDefinition]: CucumberSpringStepDefinition does not declare any static, non-private, non-final, nested classes annotated with @Configuration.
2024-05-21T18:13:42.844+10:00  INFO 12888 --- [           main] .b.t.c.SpringBootTestContextBootstrapper : Found @SpringBootConfiguration com.dataqualityworks.migration.RdfBuilderApplication for test class com.dataqualityworks.migration.CucumberSpringStepDefinition
2024-05-21T18:13:42.865+10:00  INFO 12888 --- [           main] c.d.migration.telemetry.TelemetryProbe   : Events: []
]]></system-out>
  </testcase>
  <testcase name="Example #1.3" classname="Examples" time="0.051">
    <system-out><![CDATA[2024-05-21T18:13:41.688+10:00  INFO 12888 --- [           main] t.c.s.AnnotationConfigContextLoaderUtils : Could not detect default configuration classes for test class [com.dataqualityworks.migration.CucumberSpringStepDefinition]: CucumberSpringStepDefinition does not declare any static, non-private, non-final, nested classes annotated with @Configuration.
2024-05-21T18:13:41.693+10:00  INFO 12888 --- [           main] .b.t.c.SpringBootTestContextBootstrapper : Found @SpringBootConfiguration com.dataqualityworks.migration.RdfBuilderApplication for test class com.dataqualityworks.migration.CucumberSpringStepDefinition
2024-05-21T18:13:41.728+10:00  INFO 12888 --- [           main] c.d.migration.telemetry.TelemetryProbe   : Events: []
]]></system-out>
  </testcase>
  <testcase name="Example #1.3" classname="Examples" time="0.054">
    <system-out><![CDATA[2024-05-21T18:13:42.341+10:00  INFO 12888 --- [           main] t.c.s.AnnotationConfigContextLoaderUtils : Could not detect default configuration classes for test class [com.dataqualityworks.migration.CucumberSpringStepDefinition]: CucumberSpringStepDefinition does not declare any static, non-private, non-final, nested classes annotated with @Configuration.
2024-05-21T18:13:42.345+10:00  INFO 12888 --- [           main] .b.t.c.SpringBootTestContextBootstrapper : Found @SpringBootConfiguration com.dataqualityworks.migration.RdfBuilderApplication for test class com.dataqualityworks.migration.CucumberSpringStepDefinition
2024-05-21T18:13:42.385+10:00  INFO 12888 --- [           main] c.d.migration.telemetry.TelemetryProbe   : Events: []
]]></system-out>
  </testcase>
  <testcase name="Example #1.3" classname="Examples" time="0.026">
    <system-out><![CDATA[2024-05-21T18:13:42.508+10:00  INFO 12888 --- [           main] t.c.s.AnnotationConfigContextLoaderUtils : Could not detect default configuration classes for test class [com.dataqualityworks.migration.CucumberSpringStepDefinition]: CucumberSpringStepDefinition does not declare any static, non-private, non-final, nested classes annotated with @Configuration.
2024-05-21T18:13:42.511+10:00  INFO 12888 --- [           main] .b.t.c.SpringBootTestContextBootstrapper : Found @SpringBootConfiguration com.dataqualityworks.migration.RdfBuilderApplication for test class com.dataqualityworks.migration.CucumberSpringStepDefinition
2024-05-21T18:13:42.527+10:00  INFO 12888 --- [           main] c.d.migration.telemetry.TelemetryProbe   : Events: []
]]></system-out>
  </testcase>
  <testcase name="Example #1.3" classname="Examples" time="0.018">
    <system-out><![CDATA[2024-05-21T18:13:42.869+10:00  INFO 12888 --- [           main] t.c.s.AnnotationConfigContextLoaderUtils : Could not detect default configuration classes for test class [com.dataqualityworks.migration.CucumberSpringStepDefinition]: CucumberSpringStepDefinition does not declare any static, non-private, non-final, nested classes annotated with @Configuration.
2024-05-21T18:13:42.871+10:00  INFO 12888 --- [           main] .b.t.c.SpringBootTestContextBootstrapper : Found @SpringBootConfiguration com.dataqualityworks.migration.RdfBuilderApplication for test class com.dataqualityworks.migration.CucumberSpringStepDefinition
2024-05-21T18:13:42.883+10:00  INFO 12888 --- [           main] c.d.migration.telemetry.TelemetryProbe   : Events: []
]]></system-out>
  </testcase>
  <testcase name="Example #1.4" classname="Examples" time="0.044">
    <system-out><![CDATA[2024-05-21T18:13:41.734+10:00  INFO 12888 --- [           main] t.c.s.AnnotationConfigContextLoaderUtils : Could not detect default configuration classes for test class [com.dataqualityworks.migration.CucumberSpringStepDefinition]: CucumberSpringStepDefinition does not declare any static, non-private, non-final, nested classes annotated with @Configuration.
2024-05-21T18:13:41.738+10:00  INFO 12888 --- [           main] .b.t.c.SpringBootTestContextBootstrapper : Found @SpringBootConfiguration com.dataqualityworks.migration.RdfBuilderApplication for test class com.dataqualityworks.migration.CucumberSpringStepDefinition
2024-05-21T18:13:41.770+10:00  INFO 12888 --- [           main] c.d.migration.telemetry.TelemetryProbe   : Events: []
]]></system-out>
  </testcase>
  <testcase name="Example #1.4" classname="Examples" time="0.025">
    <system-out><![CDATA[2024-05-21T18:13:42.534+10:00  INFO 12888 --- [           main] t.c.s.AnnotationConfigContextLoaderUtils : Could not detect default configuration classes for test class [com.dataqualityworks.migration.CucumberSpringStepDefinition]: CucumberSpringStepDefinition does not declare any static, non-private, non-final, nested classes annotated with @Configuration.
2024-05-21T18:13:42.536+10:00  INFO 12888 --- [           main] .b.t.c.SpringBootTestContextBootstrapper : Found @SpringBootConfiguration com.dataqualityworks.migration.RdfBuilderApplication for test class com.dataqualityworks.migration.CucumberSpringStepDefinition
2024-05-21T18:13:42.554+10:00  INFO 12888 --- [           main] c.d.migration.telemetry.TelemetryProbe   : Events: []
]]></system-out>
  </testcase>
  <testcase name="Example #1.5" classname="Examples" time="0.027">
    <system-out><![CDATA[2024-05-21T18:13:42.560+10:00  INFO 12888 --- [           main] t.c.s.AnnotationConfigContextLoaderUtils : Could not detect default configuration classes for test class [com.dataqualityworks.migration.CucumberSpringStepDefinition]: CucumberSpringStepDefinition does not declare any static, non-private, non-final, nested classes annotated with @Configuration.
2024-05-21T18:13:42.564+10:00  INFO 12888 --- [           main] .b.t.c.SpringBootTestContextBootstrapper : Found @SpringBootConfiguration com.dataqualityworks.migration.RdfBuilderApplication for test class com.dataqualityworks.migration.CucumberSpringStepDefinition
2024-05-21T18:13:42.581+10:00  INFO 12888 --- [           main] c.d.migration.telemetry.TelemetryProbe   : Events: []
]]></system-out>
  </testcase>
  <testcase name="Data in the extract is available" classname="categories.csv extract has data available" time="0.058">
    <system-out><![CDATA[2024-05-21T18:13:41.464+10:00  INFO 12888 --- [           main] t.c.s.AnnotationConfigContextLoaderUtils : Could not detect default configuration classes for test class [com.dataqualityworks.migration.CucumberSpringStepDefinition]: CucumberSpringStepDefinition does not declare any static, non-private, non-final, nested classes annotated with @Configuration.
2024-05-21T18:13:41.469+10:00  INFO 12888 --- [           main] .b.t.c.SpringBootTestContextBootstrapper : Found @SpringBootConfiguration com.dataqualityworks.migration.RdfBuilderApplication for test class com.dataqualityworks.migration.CucumberSpringStepDefinition
2024-05-21T18:13:41.516+10:00  INFO 12888 --- [           main] c.d.migration.telemetry.TelemetryProbe   : Events: []
]]></system-out>
  </testcase>
  <testcase name="Extract is complete with respect to attributes" classname="categories.csv extract is complete with respect to all attributes present" time="0.039">
    <system-out><![CDATA[2024-05-21T18:13:41.526+10:00  INFO 12888 --- [           main] t.c.s.AnnotationConfigContextLoaderUtils : Could not detect default configuration classes for test class [com.dataqualityworks.migration.CucumberSpringStepDefinition]: CucumberSpringStepDefinition does not declare any static, non-private, non-final, nested classes annotated with @Configuration.
2024-05-21T18:13:41.530+10:00  INFO 12888 --- [           main] .b.t.c.SpringBootTestContextBootstrapper : Found @SpringBootConfiguration com.dataqualityworks.migration.RdfBuilderApplication for test class com.dataqualityworks.migration.CucumberSpringStepDefinition
2024-05-21T18:13:41.558+10:00  INFO 12888 --- [           main] c.d.migration.telemetry.TelemetryProbe   : Events: []
]]></system-out>
  </testcase>
  <testcase name="Extract is present" classname="categories.csv extract is present" time="0.047">
    <system-out><![CDATA[2024-05-21T18:13:41.781+10:00  INFO 12888 --- [           main] t.c.s.AnnotationConfigContextLoaderUtils : Could not detect default configuration classes for test class [com.dataqualityworks.migration.CucumberSpringStepDefinition]: CucumberSpringStepDefinition does not declare any static, non-private, non-final, nested classes annotated with @Configuration.
2024-05-21T18:13:41.785+10:00  INFO 12888 --- [           main] .b.t.c.SpringBootTestContextBootstrapper : Found @SpringBootConfiguration com.dataqualityworks.migration.RdfBuilderApplication for test class com.dataqualityworks.migration.CucumberSpringStepDefinition
2024-05-21T18:13:41.819+10:00  INFO 12888 --- [           main] c.d.migration.telemetry.TelemetryProbe   : Events: []
]]></system-out>
  </testcase>
  <testcase name="Extract is complete with respect to all values present" classname="categories.csv extract is complete with respect to all values present against expectations" time="0.043">
    <system-out><![CDATA[2024-05-21T18:13:41.833+10:00  INFO 12888 --- [           main] t.c.s.AnnotationConfigContextLoaderUtils : Could not detect default configuration classes for test class [com.dataqualityworks.migration.CucumberSpringStepDefinition]: CucumberSpringStepDefinition does not declare any static, non-private, non-final, nested classes annotated with @Configuration.
2024-05-21T18:13:41.837+10:00  INFO 12888 --- [           main] .b.t.c.SpringBootTestContextBootstrapper : Found @SpringBootConfiguration com.dataqualityworks.migration.RdfBuilderApplication for test class com.dataqualityworks.migration.CucumberSpringStepDefinition
2024-05-21T18:13:41.868+10:00  INFO 12888 --- [           main] c.d.migration.telemetry.TelemetryProbe   : Events: []
]]></system-out>
  </testcase>
  <testcase name="Extract is complete with respect to all numerical values of an attribute being present" classname="categories.csv extract is complete with respect to all possible values of an attribute being present against expectations" time="0.041">
    <system-out><![CDATA[2024-05-21T18:13:41.882+10:00  INFO 12888 --- [           main] t.c.s.AnnotationConfigContextLoaderUtils : Could not detect default configuration classes for test class [com.dataqualityworks.migration.CucumberSpringStepDefinition]: CucumberSpringStepDefinition does not declare any static, non-private, non-final, nested classes annotated with @Configuration.
2024-05-21T18:13:41.889+10:00  INFO 12888 --- [           main] .b.t.c.SpringBootTestContextBootstrapper : Found @SpringBootConfiguration com.dataqualityworks.migration.RdfBuilderApplication for test class com.dataqualityworks.migration.CucumberSpringStepDefinition
2024-05-21T18:13:41.916+10:00  INFO 12888 --- [           main] c.d.migration.telemetry.TelemetryProbe   : Events: []
]]></system-out>
  </testcase>
  <testcase name="Extract is complete with respect to all string values of an attribute being present" classname="categories.csv extract is complete with respect to all possible values of an attribute being present against expectations" time="0.047">
    <system-out><![CDATA[2024-05-21T18:13:41.929+10:00  INFO 12888 --- [           main] t.c.s.AnnotationConfigContextLoaderUtils : Could not detect default configuration classes for test class [com.dataqualityworks.migration.CucumberSpringStepDefinition]: CucumberSpringStepDefinition does not declare any static, non-private, non-final, nested classes annotated with @Configuration.
2024-05-21T18:13:41.933+10:00  INFO 12888 --- [           main] .b.t.c.SpringBootTestContextBootstrapper : Found @SpringBootConfiguration com.dataqualityworks.migration.RdfBuilderApplication for test class com.dataqualityworks.migration.CucumberSpringStepDefinition
2024-05-21T18:13:41.964+10:00  INFO 12888 --- [           main] c.d.migration.telemetry.TelemetryProbe   : Events: []
]]></system-out>
  </testcase>
  <testcase name="Specification for categories.csv is complete with respect to label" classname="Specification for categories.csv is complete with respect to specification format" time="0.045">
    <system-out><![CDATA[2024-05-21T18:13:41.982+10:00  INFO 12888 --- [           main] t.c.s.AnnotationConfigContextLoaderUtils : Could not detect default configuration classes for test class [com.dataqualityworks.migration.CucumberSpringStepDefinition]: CucumberSpringStepDefinition does not declare any static, non-private, non-final, nested classes annotated with @Configuration.
2024-05-21T18:13:41.985+10:00  INFO 12888 --- [           main] .b.t.c.SpringBootTestContextBootstrapper : Found @SpringBootConfiguration com.dataqualityworks.migration.RdfBuilderApplication for test class com.dataqualityworks.migration.CucumberSpringStepDefinition
2024-05-21T18:13:42.016+10:00  INFO 12888 --- [           main] c.d.migration.telemetry.TelemetryProbe   : Events: []
]]></system-out>
  </testcase>
  <testcase name="Specification for categories.csv is complete with respect to comment" classname="Specification for categories.csv is complete with respect to specification format" time="0.057">
    <system-out><![CDATA[2024-05-21T18:13:42.029+10:00  INFO 12888 --- [           main] t.c.s.AnnotationConfigContextLoaderUtils : Could not detect default configuration classes for test class [com.dataqualityworks.migration.CucumberSpringStepDefinition]: CucumberSpringStepDefinition does not declare any static, non-private, non-final, nested classes annotated with @Configuration.
2024-05-21T18:13:42.033+10:00  INFO 12888 --- [           main] .b.t.c.SpringBootTestContextBootstrapper : Found @SpringBootConfiguration com.dataqualityworks.migration.RdfBuilderApplication for test class com.dataqualityworks.migration.CucumberSpringStepDefinition
2024-05-21T18:13:42.077+10:00  INFO 12888 --- [           main] c.d.migration.telemetry.TelemetryProbe   : Events: []
]]></system-out>
  </testcase>
  <testcase name="Specification for categories.csv is complete with respect to type" classname="Specification for categories.csv is complete with respect to specification format" time="0.024">
    <system-out><![CDATA[2024-05-21T18:13:42.083+10:00  INFO 12888 --- [           main] t.c.s.AnnotationConfigContextLoaderUtils : Could not detect default configuration classes for test class [com.dataqualityworks.migration.CucumberSpringStepDefinition]: CucumberSpringStepDefinition does not declare any static, non-private, non-final, nested classes annotated with @Configuration.
2024-05-21T18:13:42.087+10:00  INFO 12888 --- [           main] .b.t.c.SpringBootTestContextBootstrapper : Found @SpringBootConfiguration com.dataqualityworks.migration.RdfBuilderApplication for test class com.dataqualityworks.migration.CucumberSpringStepDefinition
2024-05-21T18:13:42.101+10:00  INFO 12888 --- [           main] c.d.migration.telemetry.TelemetryProbe   : Events: []
]]></system-out>
  </testcase>
  <testcase name="Specification for categories.csv is complete with respect to identity" classname="Specification for categories.csv is complete with respect to specification format" time="0.056">
    <system-out><![CDATA[2024-05-21T18:13:42.110+10:00  INFO 12888 --- [           main] t.c.s.AnnotationConfigContextLoaderUtils : Could not detect default configuration classes for test class [com.dataqualityworks.migration.CucumberSpringStepDefinition]: CucumberSpringStepDefinition does not declare any static, non-private, non-final, nested classes annotated with @Configuration.
2024-05-21T18:13:42.115+10:00  INFO 12888 --- [           main] .b.t.c.SpringBootTestContextBootstrapper : Found @SpringBootConfiguration com.dataqualityworks.migration.RdfBuilderApplication for test class com.dataqualityworks.migration.CucumberSpringStepDefinition
2024-05-21T18:13:42.158+10:00  INFO 12888 --- [           main] c.d.migration.telemetry.TelemetryProbe   : Events: []
]]></system-out>
  </testcase>
  <testcase name="Specification for categories.csv is complete with respect to nullability" classname="Specification for categories.csv is complete with respect to specification format" time="0.029">
    <system-out><![CDATA[2024-05-21T18:13:42.167+10:00  INFO 12888 --- [           main] t.c.s.AnnotationConfigContextLoaderUtils : Could not detect default configuration classes for test class [com.dataqualityworks.migration.CucumberSpringStepDefinition]: CucumberSpringStepDefinition does not declare any static, non-private, non-final, nested classes annotated with @Configuration.
2024-05-21T18:13:42.170+10:00  INFO 12888 --- [           main] .b.t.c.SpringBootTestContextBootstrapper : Found @SpringBootConfiguration com.dataqualityworks.migration.RdfBuilderApplication for test class com.dataqualityworks.migration.CucumberSpringStepDefinition
2024-05-21T18:13:42.189+10:00  INFO 12888 --- [           main] c.d.migration.telemetry.TelemetryProbe   : Events: []
]]></system-out>
  </testcase>
  <testcase name="Extract is consistent with respect to hierarchy business rule for parent categories" classname="categories.csv extract is consistent with respect to business rules" time="0.039">
    <system-out><![CDATA[2024-05-21T18:13:42.200+10:00  INFO 12888 --- [           main] t.c.s.AnnotationConfigContextLoaderUtils : Could not detect default configuration classes for test class [com.dataqualityworks.migration.CucumberSpringStepDefinition]: CucumberSpringStepDefinition does not declare any static, non-private, non-final, nested classes annotated with @Configuration.
2024-05-21T18:13:42.208+10:00  INFO 12888 --- [           main] .b.t.c.SpringBootTestContextBootstrapper : Found @SpringBootConfiguration com.dataqualityworks.migration.RdfBuilderApplication for test class com.dataqualityworks.migration.CucumberSpringStepDefinition
2024-05-21T18:13:42.226+10:00  INFO 12888 --- [           main] c.d.migration.telemetry.TelemetryProbe   : Events: []
]]></system-out>
  </testcase>
  <testcase name="Data in categories.csv has integrity with respect to supplied manifest file" classname="Records in categories.csv has integrity" time="0.028">
    <system-out><![CDATA[2024-05-21T18:13:42.640+10:00  INFO 12888 --- [           main] t.c.s.AnnotationConfigContextLoaderUtils : Could not detect default configuration classes for test class [com.dataqualityworks.migration.CucumberSpringStepDefinition]: CucumberSpringStepDefinition does not declare any static, non-private, non-final, nested classes annotated with @Configuration.
2024-05-21T18:13:42.643+10:00  INFO 12888 --- [           main] .b.t.c.SpringBootTestContextBootstrapper : Found @SpringBootConfiguration com.dataqualityworks.migration.RdfBuilderApplication for test class com.dataqualityworks.migration.CucumberSpringStepDefinition
2024-05-21T18:13:42.661+10:00  INFO 12888 --- [           main] c.d.migration.telemetry.TelemetryProbe   : Events: []
]]></system-out>
  </testcase>
  <testcase name="Specification for categories.csv is compliant with respect to type" classname="Specification for categories.csv is compliant with respect to specification format" time="0.017">
    <system-out><![CDATA[2024-05-21T18:13:42.695+10:00  INFO 12888 --- [           main] t.c.s.AnnotationConfigContextLoaderUtils : Could not detect default configuration classes for test class [com.dataqualityworks.migration.CucumberSpringStepDefinition]: CucumberSpringStepDefinition does not declare any static, non-private, non-final, nested classes annotated with @Configuration.
2024-05-21T18:13:42.698+10:00  INFO 12888 --- [           main] .b.t.c.SpringBootTestContextBootstrapper : Found @SpringBootConfiguration com.dataqualityworks.migration.RdfBuilderApplication for test class com.dataqualityworks.migration.CucumberSpringStepDefinition
2024-05-21T18:13:42.708+10:00  INFO 12888 --- [           main] c.d.migration.telemetry.TelemetryProbe   : Events: []
]]></system-out>
  </testcase>
  <testcase name="Specification for categories.csv is compliant with respect to identity" classname="Specification for categories.csv is compliant with respect to specification format" time="0.022">
    <system-out><![CDATA[2024-05-21T18:13:42.713+10:00  INFO 12888 --- [           main] t.c.s.AnnotationConfigContextLoaderUtils : Could not detect default configuration classes for test class [com.dataqualityworks.migration.CucumberSpringStepDefinition]: CucumberSpringStepDefinition does not declare any static, non-private, non-final, nested classes annotated with @Configuration.
2024-05-21T18:13:42.716+10:00  INFO 12888 --- [           main] .b.t.c.SpringBootTestContextBootstrapper : Found @SpringBootConfiguration com.dataqualityworks.migration.RdfBuilderApplication for test class com.dataqualityworks.migration.CucumberSpringStepDefinition
2024-05-21T18:13:42.731+10:00  INFO 12888 --- [           main] c.d.migration.telemetry.TelemetryProbe   : Events: []
]]></system-out>
  </testcase>
  <testcase name="Specification for categories.csv is compliant with respect to nullability" classname="Specification for categories.csv is compliant with respect to specification format" time="0.017">
    <system-out><![CDATA[2024-05-21T18:13:42.734+10:00  INFO 12888 --- [           main] t.c.s.AnnotationConfigContextLoaderUtils : Could not detect default configuration classes for test class [com.dataqualityworks.migration.CucumberSpringStepDefinition]: CucumberSpringStepDefinition does not declare any static, non-private, non-final, nested classes annotated with @Configuration.
2024-05-21T18:13:42.736+10:00  INFO 12888 --- [           main] .b.t.c.SpringBootTestContextBootstrapper : Found @SpringBootConfiguration com.dataqualityworks.migration.RdfBuilderApplication for test class com.dataqualityworks.migration.CucumberSpringStepDefinition
2024-05-21T18:13:42.748+10:00  INFO 12888 --- [           main] c.d.migration.telemetry.TelemetryProbe   : Events: []
]]></system-out>
  </testcase>
  <testcase name="Extract values are valid with respect to specification with respect to type" classname="categories.csv extract values are valid with the respect to specification" time="0.026">
    <system-out><![CDATA[2024-05-21T18:13:43.035+10:00  INFO 12888 --- [           main] t.c.s.AnnotationConfigContextLoaderUtils : Could not detect default configuration classes for test class [com.dataqualityworks.migration.CucumberSpringStepDefinition]: CucumberSpringStepDefinition does not declare any static, non-private, non-final, nested classes annotated with @Configuration.
2024-05-21T18:13:43.041+10:00  INFO 12888 --- [           main] .b.t.c.SpringBootTestContextBootstrapper : Found @SpringBootConfiguration com.dataqualityworks.migration.RdfBuilderApplication for test class com.dataqualityworks.migration.CucumberSpringStepDefinition
2024-05-21T18:13:43.054+10:00  INFO 12888 --- [           main] c.d.migration.telemetry.TelemetryProbe   : Events: []
]]></system-out>
  </testcase>
  <testcase name="Extract values are valid with respect to specification with respect to identity" classname="categories.csv extract values are valid with the respect to specification" time="0.022">
    <system-out><![CDATA[2024-05-21T18:13:43.058+10:00  INFO 12888 --- [           main] t.c.s.AnnotationConfigContextLoaderUtils : Could not detect default configuration classes for test class [com.dataqualityworks.migration.CucumberSpringStepDefinition]: CucumberSpringStepDefinition does not declare any static, non-private, non-final, nested classes annotated with @Configuration.
2024-05-21T18:13:43.061+10:00  INFO 12888 --- [           main] .b.t.c.SpringBootTestContextBootstrapper : Found @SpringBootConfiguration com.dataqualityworks.migration.RdfBuilderApplication for test class com.dataqualityworks.migration.CucumberSpringStepDefinition
2024-05-21T18:13:43.076+10:00  INFO 12888 --- [           main] c.d.migration.telemetry.TelemetryProbe   : Events: []
]]></system-out>
  </testcase>
  <testcase name="Extract values are valid with respect to specification with respect to nullability" classname="categories.csv extract values are valid with the respect to specification" time="0.02">
    <system-out><![CDATA[2024-05-21T18:13:43.082+10:00  INFO 12888 --- [           main] t.c.s.AnnotationConfigContextLoaderUtils : Could not detect default configuration classes for test class [com.dataqualityworks.migration.CucumberSpringStepDefinition]: CucumberSpringStepDefinition does not declare any static, non-private, non-final, nested classes annotated with @Configuration.
2024-05-21T18:13:43.086+10:00  INFO 12888 --- [           main] .b.t.c.SpringBootTestContextBootstrapper : Found @SpringBootConfiguration com.dataqualityworks.migration.RdfBuilderApplication for test class com.dataqualityworks.migration.CucumberSpringStepDefinition
2024-05-21T18:13:43.097+10:00  INFO 12888 --- [           main] c.d.migration.telemetry.TelemetryProbe   : Events: []
]]></system-out>
  </testcase>
  <testcase name="Extract values are valid with respect to specification with respect to format" classname="categories.csv extract values are valid with the respect to specification" time="0.016">
    <system-out><![CDATA[2024-05-21T18:13:43.100+10:00  INFO 12888 --- [           main] t.c.s.AnnotationConfigContextLoaderUtils : Could not detect default configuration classes for test class [com.dataqualityworks.migration.CucumberSpringStepDefinition]: CucumberSpringStepDefinition does not declare any static, non-private, non-final, nested classes annotated with @Configuration.
2024-05-21T18:13:43.102+10:00  INFO 12888 --- [           main] .b.t.c.SpringBootTestContextBootstrapper : Found @SpringBootConfiguration com.dataqualityworks.migration.RdfBuilderApplication for test class com.dataqualityworks.migration.CucumberSpringStepDefinition
2024-05-21T18:13:43.113+10:00  INFO 12888 --- [           main] c.d.migration.telemetry.TelemetryProbe   : Events: []
]]></system-out>
  </testcase>
</testsuite>